2022-07-26 21:18:32,327 INFO namenode.NameNode: STARTUP_MSG: 
/************************************************************
STARTUP_MSG: Starting NameNode
STARTUP_MSG:   host = node11.datos.cluster.uy/10.0.187.111
STARTUP_MSG:   args = [-format]
STARTUP_MSG:   version = 3.3.3
STARTUP_MSG:   classpath = /clusteruy/home/andres.collares/hadoop-3.3.3/etc/hadoop:/clusteruy/home/andres.collares/hadoop-3.3.3/share/hadoop/common/lib/jetty-util-9.4.43.v20210629.jar:/clusteruy/home/andres.collares/hadoop-3.3.3/share/hadoop/common/lib/accessors-smart-2.4.7.jar:/clusteruy/home/andres.collares/hadoop-3.3.3/share/hadoop/common/lib/jaxb-api-2.2.11.jar:/clusteruy/home/andres.collares/hadoop-3.3.3/share/hadoop/common/lib/animal-sniffer-annotations-1.17.jar:/clusteruy/home/andres.collares/hadoop-3.3.3/share/hadoop/common/lib/kerby-xdr-1.0.1.jar:/clusteruy/home/andres.collares/hadoop-3.3.3/share/hadoop/common/lib/asm-5.0.4.jar:/clusteruy/home/andres.collares/hadoop-3.3.3/share/hadoop/common/lib/javax.servlet-api-3.1.0.jar:/clusteruy/home/andres.collares/hadoop-3.3.3/share/hadoop/common/lib/audience-annotations-0.5.0.jar:/clusteruy/home/andres.collares/hadoop-3.3.3/share/hadoop/common/lib/metrics-core-3.2.4.jar:/clusteruy/home/andres.collares/hadoop-3.3.3/share/hadoop/common/lib/avro-1.7.7.jar:/clusteruy/home/andres.collares/hadoop-3.3.3/share/hadoop/common/lib/jetty-util-ajax-9.4.43.v20210629.jar:/clusteruy/home/andres.collares/hadoop-3.3.3/share/hadoop/common/lib/checker-qual-2.5.2.jar:/clusteruy/home/andres.collares/hadoop-3.3.3/share/hadoop/common/lib/jetty-webapp-9.4.43.v20210629.jar:/clusteruy/home/andres.collares/hadoop-3.3.3/share/hadoop/common/lib/commons-beanutils-1.9.4.jar:/clusteruy/home/andres.collares/hadoop-3.3.3/share/hadoop/common/lib/netty-3.10.6.Final.jar:/clusteruy/home/andres.collares/hadoop-3.3.3/share/hadoop/common/lib/commons-cli-1.2.jar:/clusteruy/home/andres.collares/hadoop-3.3.3/share/hadoop/common/lib/jetty-xml-9.4.43.v20210629.jar:/clusteruy/home/andres.collares/hadoop-3.3.3/share/hadoop/common/lib/commons-codec-1.15.jar:/clusteruy/home/andres.collares/hadoop-3.3.3/share/hadoop/common/lib/jaxb-impl-2.2.3-1.jar:/clusteruy/home/andres.collares/hadoop-3.3.3/share/hadoop/common/lib/commons-collections-3.2.2.jar:/clusteruy/home/andres.collares/hadoop-3.3.3/share/hadoop/common/lib/jsch-0.1.55.jar:/clusteruy/home/andres.collares/hadoop-3.3.3/share/hadoop/common/lib/commons-compress-1.21.jar:/clusteruy/home/andres.collares/hadoop-3.3.3/share/hadoop/common/lib/jcip-annotations-1.0-1.jar:/clusteruy/home/andres.collares/hadoop-3.3.3/share/hadoop/common/lib/commons-configuration2-2.1.1.jar:/clusteruy/home/andres.collares/hadoop-3.3.3/share/hadoop/common/lib/json-smart-2.4.7.jar:/clusteruy/home/andres.collares/hadoop-3.3.3/share/hadoop/common/lib/commons-daemon-1.0.13.jar:/clusteruy/home/andres.collares/hadoop-3.3.3/share/hadoop/common/lib/nimbus-jose-jwt-9.8.1.jar:/clusteruy/home/andres.collares/hadoop-3.3.3/share/hadoop/common/lib/commons-io-2.8.0.jar:/clusteruy/home/andres.collares/hadoop-3.3.3/share/hadoop/common/lib/jsp-api-2.1.jar:/clusteruy/home/andres.collares/hadoop-3.3.3/share/hadoop/common/lib/commons-lang3-3.12.0.jar:/clusteruy/home/andres.collares/hadoop-3.3.3/share/hadoop/common/lib/jsr305-3.0.2.jar:/clusteruy/home/andres.collares/hadoop-3.3.3/share/hadoop/common/lib/commons-logging-1.1.3.jar:/clusteruy/home/andres.collares/hadoop-3.3.3/share/hadoop/common/lib/jsr311-api-1.1.1.jar:/clusteruy/home/andres.collares/hadoop-3.3.3/share/hadoop/common/lib/commons-math3-3.1.1.jar:/clusteruy/home/andres.collares/hadoop-3.3.3/share/hadoop/common/lib/paranamer-2.3.jar:/clusteruy/home/andres.collares/hadoop-3.3.3/share/hadoop/common/lib/commons-net-3.6.jar:/clusteruy/home/andres.collares/hadoop-3.3.3/share/hadoop/common/lib/protobuf-java-2.5.0.jar:/clusteruy/home/andres.collares/hadoop-3.3.3/share/hadoop/common/lib/commons-text-1.4.jar:/clusteruy/home/andres.collares/hadoop-3.3.3/share/hadoop/common/lib/jul-to-slf4j-1.7.36.jar:/clusteruy/home/andres.collares/hadoop-3.3.3/share/hadoop/common/lib/curator-client-4.2.0.jar:/clusteruy/home/andres.collares/hadoop-3.3.3/share/hadoop/common/lib/kerb-admin-1.0.1.jar:/clusteruy/home/andres.collares/hadoop-3.3.3/share/hadoop/common/lib/curator-framework-4.2.0.jar:/clusteruy/home/andres.collares/hadoop-3.3.3/share/hadoop/common/lib/kerb-client-1.0.1.jar:/clusteruy/home/andres.collares/hadoop-3.3.3/share/hadoop/common/lib/curator-recipes-4.2.0.jar:/clusteruy/home/andres.collares/hadoop-3.3.3/share/hadoop/common/lib/re2j-1.1.jar:/clusteruy/home/andres.collares/hadoop-3.3.3/share/hadoop/common/lib/dnsjava-2.1.7.jar:/clusteruy/home/andres.collares/hadoop-3.3.3/share/hadoop/common/lib/kerb-common-1.0.1.jar:/clusteruy/home/andres.collares/hadoop-3.3.3/share/hadoop/common/lib/failureaccess-1.0.jar:/clusteruy/home/andres.collares/hadoop-3.3.3/share/hadoop/common/lib/reload4j-1.2.18.3.jar:/clusteruy/home/andres.collares/hadoop-3.3.3/share/hadoop/common/lib/gson-2.8.9.jar:/clusteruy/home/andres.collares/hadoop-3.3.3/share/hadoop/common/lib/slf4j-api-1.7.36.jar:/clusteruy/home/andres.collares/hadoop-3.3.3/share/hadoop/common/lib/guava-27.0-jre.jar:/clusteruy/home/andres.collares/hadoop-3.3.3/share/hadoop/common/lib/kerb-core-1.0.1.jar:/clusteruy/home/andres.collares/hadoop-3.3.3/share/hadoop/common/lib/hadoop-annotations-3.3.3.jar:/clusteruy/home/andres.collares/hadoop-3.3.3/share/hadoop/common/lib/kerb-crypto-1.0.1.jar:/clusteruy/home/andres.collares/hadoop-3.3.3/share/hadoop/common/lib/hadoop-auth-3.3.3.jar:/clusteruy/home/andres.collares/hadoop-3.3.3/share/hadoop/common/lib/jetty-io-9.4.43.v20210629.jar:/clusteruy/home/andres.collares/hadoop-3.3.3/share/hadoop/common/lib/hadoop-shaded-guava-1.1.1.jar:/clusteruy/home/andres.collares/hadoop-3.3.3/share/hadoop/common/lib/jetty-http-9.4.43.v20210629.jar:/clusteruy/home/andres.collares/hadoop-3.3.3/share/hadoop/common/lib/hadoop-shaded-protobuf_3_7-1.1.1.jar:/clusteruy/home/andres.collares/hadoop-3.3.3/share/hadoop/common/lib/kerb-identity-1.0.1.jar:/clusteruy/home/andres.collares/hadoop-3.3.3/share/hadoop/common/lib/httpclient-4.5.13.jar:/clusteruy/home/andres.collares/hadoop-3.3.3/share/hadoop/common/lib/slf4j-reload4j-1.7.36.jar:/clusteruy/home/andres.collares/hadoop-3.3.3/share/hadoop/common/lib/httpcore-4.4.13.jar:/clusteruy/home/andres.collares/hadoop-3.3.3/share/hadoop/common/lib/kerb-server-1.0.1.jar:/clusteruy/home/andres.collares/hadoop-3.3.3/share/hadoop/common/lib/j2objc-annotations-1.1.jar:/clusteruy/home/andres.collares/hadoop-3.3.3/share/hadoop/common/lib/jetty-security-9.4.43.v20210629.jar:/clusteruy/home/andres.collares/hadoop-3.3.3/share/hadoop/common/lib/jackson-annotations-2.13.2.jar:/clusteruy/home/andres.collares/hadoop-3.3.3/share/hadoop/common/lib/kerb-simplekdc-1.0.1.jar:/clusteruy/home/andres.collares/hadoop-3.3.3/share/hadoop/common/lib/jackson-core-2.13.2.jar:/clusteruy/home/andres.collares/hadoop-3.3.3/share/hadoop/common/lib/kerb-util-1.0.1.jar:/clusteruy/home/andres.collares/hadoop-3.3.3/share/hadoop/common/lib/jackson-core-asl-1.9.13.jar:/clusteruy/home/andres.collares/hadoop-3.3.3/share/hadoop/common/lib/jetty-server-9.4.43.v20210629.jar:/clusteruy/home/andres.collares/hadoop-3.3.3/share/hadoop/common/lib/jackson-databind-2.13.2.2.jar:/clusteruy/home/andres.collares/hadoop-3.3.3/share/hadoop/common/lib/kerby-asn1-1.0.1.jar:/clusteruy/home/andres.collares/hadoop-3.3.3/share/hadoop/common/lib/jackson-jaxrs-1.9.13.jar:/clusteruy/home/andres.collares/hadoop-3.3.3/share/hadoop/common/lib/jetty-servlet-9.4.43.v20210629.jar:/clusteruy/home/andres.collares/hadoop-3.3.3/share/hadoop/common/lib/jackson-mapper-asl-1.9.13.jar:/clusteruy/home/andres.collares/hadoop-3.3.3/share/hadoop/common/lib/kerby-config-1.0.1.jar:/clusteruy/home/andres.collares/hadoop-3.3.3/share/hadoop/common/lib/jackson-xc-1.9.13.jar:/clusteruy/home/andres.collares/hadoop-3.3.3/share/hadoop/common/lib/jakarta.activation-api-1.2.1.jar:/clusteruy/home/andres.collares/hadoop-3.3.3/share/hadoop/common/lib/jersey-core-1.19.jar:/clusteruy/home/andres.collares/hadoop-3.3.3/share/hadoop/common/lib/snappy-java-1.1.8.2.jar:/clusteruy/home/andres.collares/hadoop-3.3.3/share/hadoop/common/lib/jersey-json-1.19.jar:/clusteruy/home/andres.collares/hadoop-3.3.3/share/hadoop/common/lib/kerby-pkix-1.0.1.jar:/clusteruy/home/andres.collares/hadoop-3.3.3/share/hadoop/common/lib/jersey-server-1.19.jar:/clusteruy/home/andres.collares/hadoop-3.3.3/share/hadoop/common/lib/kerby-util-1.0.1.jar:/clusteruy/home/andres.collares/hadoop-3.3.3/share/hadoop/common/lib/jersey-servlet-1.19.jar:/clusteruy/home/andres.collares/hadoop-3.3.3/share/hadoop/common/lib/stax2-api-4.2.1.jar:/clusteruy/home/andres.collares/hadoop-3.3.3/share/hadoop/common/lib/jettison-1.1.jar:/clusteruy/home/andres.collares/hadoop-3.3.3/share/hadoop/common/lib/token-provider-1.0.1.jar:/clusteruy/home/andres.collares/hadoop-3.3.3/share/hadoop/common/lib/listenablefuture-9999.0-empty-to-avoid-conflict-with-guava.jar:/clusteruy/home/andres.collares/hadoop-3.3.3/share/hadoop/common/lib/woodstox-core-5.3.0.jar:/clusteruy/home/andres.collares/hadoop-3.3.3/share/hadoop/common/lib/zookeeper-3.5.6.jar:/clusteruy/home/andres.collares/hadoop-3.3.3/share/hadoop/common/lib/zookeeper-jute-3.5.6.jar:/clusteruy/home/andres.collares/hadoop-3.3.3/share/hadoop/common/hadoop-common-3.3.3-tests.jar:/clusteruy/home/andres.collares/hadoop-3.3.3/share/hadoop/common/hadoop-common-3.3.3.jar:/clusteruy/home/andres.collares/hadoop-3.3.3/share/hadoop/common/hadoop-kms-3.3.3.jar:/clusteruy/home/andres.collares/hadoop-3.3.3/share/hadoop/common/hadoop-nfs-3.3.3.jar:/clusteruy/home/andres.collares/hadoop-3.3.3/share/hadoop/common/hadoop-registry-3.3.3.jar:/clusteruy/home/andres.collares/hadoop-3.3.3/share/hadoop/hdfs:/clusteruy/home/andres.collares/hadoop-3.3.3/share/hadoop/hdfs/lib/jetty-util-9.4.43.v20210629.jar:/clusteruy/home/andres.collares/hadoop-3.3.3/share/hadoop/hdfs/lib/accessors-smart-2.4.7.jar:/clusteruy/home/andres.collares/hadoop-3.3.3/share/hadoop/hdfs/lib/jaxb-api-2.2.11.jar:/clusteruy/home/andres.collares/hadoop-3.3.3/share/hadoop/hdfs/lib/animal-sniffer-annotations-1.17.jar:/clusteruy/home/andres.collares/hadoop-3.3.3/share/hadoop/hdfs/lib/leveldbjni-all-1.8.jar:/clusteruy/home/andres.collares/hadoop-3.3.3/share/hadoop/hdfs/lib/asm-5.0.4.jar:/clusteruy/home/andres.collares/hadoop-3.3.3/share/hadoop/hdfs/lib/javax.servlet-api-3.1.0.jar:/clusteruy/home/andres.collares/hadoop-3.3.3/share/hadoop/hdfs/lib/audience-annotations-0.5.0.jar:/clusteruy/home/andres.collares/hadoop-3.3.3/share/hadoop/hdfs/lib/netty-3.10.6.Final.jar:/clusteruy/home/andres.collares/hadoop-3.3.3/share/hadoop/hdfs/lib/avro-1.7.7.jar:/clusteruy/home/andres.collares/hadoop-3.3.3/share/hadoop/hdfs/lib/jetty-util-ajax-9.4.43.v20210629.jar:/clusteruy/home/andres.collares/hadoop-3.3.3/share/hadoop/hdfs/lib/checker-qual-2.5.2.jar:/clusteruy/home/andres.collares/hadoop-3.3.3/share/hadoop/hdfs/lib/jetty-webapp-9.4.43.v20210629.jar:/clusteruy/home/andres.collares/hadoop-3.3.3/share/hadoop/hdfs/lib/commons-beanutils-1.9.4.jar:/clusteruy/home/andres.collares/hadoop-3.3.3/share/hadoop/hdfs/lib/netty-all-4.1.68.Final.jar:/clusteruy/home/andres.collares/hadoop-3.3.3/share/hadoop/hdfs/lib/commons-cli-1.2.jar:/clusteruy/home/andres.collares/hadoop-3.3.3/share/hadoop/hdfs/lib/jetty-xml-9.4.43.v20210629.jar:/clusteruy/home/andres.collares/hadoop-3.3.3/share/hadoop/hdfs/lib/commons-codec-1.15.jar:/clusteruy/home/andres.collares/hadoop-3.3.3/share/hadoop/hdfs/lib/jaxb-impl-2.2.3-1.jar:/clusteruy/home/andres.collares/hadoop-3.3.3/share/hadoop/hdfs/lib/commons-collections-3.2.2.jar:/clusteruy/home/andres.collares/hadoop-3.3.3/share/hadoop/hdfs/lib/jsch-0.1.55.jar:/clusteruy/home/andres.collares/hadoop-3.3.3/share/hadoop/hdfs/lib/commons-compress-1.21.jar:/clusteruy/home/andres.collares/hadoop-3.3.3/share/hadoop/hdfs/lib/jcip-annotations-1.0-1.jar:/clusteruy/home/andres.collares/hadoop-3.3.3/share/hadoop/hdfs/lib/commons-configuration2-2.1.1.jar:/clusteruy/home/andres.collares/hadoop-3.3.3/share/hadoop/hdfs/lib/json-simple-1.1.1.jar:/clusteruy/home/andres.collares/hadoop-3.3.3/share/hadoop/hdfs/lib/commons-daemon-1.0.13.jar:/clusteruy/home/andres.collares/hadoop-3.3.3/share/hadoop/hdfs/lib/nimbus-jose-jwt-9.8.1.jar:/clusteruy/home/andres.collares/hadoop-3.3.3/share/hadoop/hdfs/lib/commons-io-2.8.0.jar:/clusteruy/home/andres.collares/hadoop-3.3.3/share/hadoop/hdfs/lib/json-smart-2.4.7.jar:/clusteruy/home/andres.collares/hadoop-3.3.3/share/hadoop/hdfs/lib/commons-lang3-3.12.0.jar:/clusteruy/home/andres.collares/hadoop-3.3.3/share/hadoop/hdfs/lib/jsr305-3.0.2.jar:/clusteruy/home/andres.collares/hadoop-3.3.3/share/hadoop/hdfs/lib/commons-logging-1.1.3.jar:/clusteruy/home/andres.collares/hadoop-3.3.3/share/hadoop/hdfs/lib/jsr311-api-1.1.1.jar:/clusteruy/home/andres.collares/hadoop-3.3.3/share/hadoop/hdfs/lib/commons-math3-3.1.1.jar:/clusteruy/home/andres.collares/hadoop-3.3.3/share/hadoop/hdfs/lib/okhttp-2.7.5.jar:/clusteruy/home/andres.collares/hadoop-3.3.3/share/hadoop/hdfs/lib/commons-net-3.6.jar:/clusteruy/home/andres.collares/hadoop-3.3.3/share/hadoop/hdfs/lib/okio-1.6.0.jar:/clusteruy/home/andres.collares/hadoop-3.3.3/share/hadoop/hdfs/lib/commons-text-1.4.jar:/clusteruy/home/andres.collares/hadoop-3.3.3/share/hadoop/hdfs/lib/kerb-admin-1.0.1.jar:/clusteruy/home/andres.collares/hadoop-3.3.3/share/hadoop/hdfs/lib/curator-client-4.2.0.jar:/clusteruy/home/andres.collares/hadoop-3.3.3/share/hadoop/hdfs/lib/kerb-client-1.0.1.jar:/clusteruy/home/andres.collares/hadoop-3.3.3/share/hadoop/hdfs/lib/curator-framework-4.2.0.jar:/clusteruy/home/andres.collares/hadoop-3.3.3/share/hadoop/hdfs/lib/kerb-common-1.0.1.jar:/clusteruy/home/andres.collares/hadoop-3.3.3/share/hadoop/hdfs/lib/curator-recipes-4.2.0.jar:/clusteruy/home/andres.collares/hadoop-3.3.3/share/hadoop/hdfs/lib/paranamer-2.3.jar:/clusteruy/home/andres.collares/hadoop-3.3.3/share/hadoop/hdfs/lib/dnsjava-2.1.7.jar:/clusteruy/home/andres.collares/hadoop-3.3.3/share/hadoop/hdfs/lib/kerb-core-1.0.1.jar:/clusteruy/home/andres.collares/hadoop-3.3.3/share/hadoop/hdfs/lib/failureaccess-1.0.jar:/clusteruy/home/andres.collares/hadoop-3.3.3/share/hadoop/hdfs/lib/protobuf-java-2.5.0.jar:/clusteruy/home/andres.collares/hadoop-3.3.3/share/hadoop/hdfs/lib/gson-2.8.9.jar:/clusteruy/home/andres.collares/hadoop-3.3.3/share/hadoop/hdfs/lib/re2j-1.1.jar:/clusteruy/home/andres.collares/hadoop-3.3.3/share/hadoop/hdfs/lib/guava-27.0-jre.jar:/clusteruy/home/andres.collares/hadoop-3.3.3/share/hadoop/hdfs/lib/kerb-crypto-1.0.1.jar:/clusteruy/home/andres.collares/hadoop-3.3.3/share/hadoop/hdfs/lib/hadoop-annotations-3.3.3.jar:/clusteruy/home/andres.collares/hadoop-3.3.3/share/hadoop/hdfs/lib/kerb-identity-1.0.1.jar:/clusteruy/home/andres.collares/hadoop-3.3.3/share/hadoop/hdfs/lib/hadoop-auth-3.3.3.jar:/clusteruy/home/andres.collares/hadoop-3.3.3/share/hadoop/hdfs/lib/jetty-io-9.4.43.v20210629.jar:/clusteruy/home/andres.collares/hadoop-3.3.3/share/hadoop/hdfs/lib/hadoop-shaded-guava-1.1.1.jar:/clusteruy/home/andres.collares/hadoop-3.3.3/share/hadoop/hdfs/lib/jetty-http-9.4.43.v20210629.jar:/clusteruy/home/andres.collares/hadoop-3.3.3/share/hadoop/hdfs/lib/hadoop-shaded-protobuf_3_7-1.1.1.jar:/clusteruy/home/andres.collares/hadoop-3.3.3/share/hadoop/hdfs/lib/kerb-server-1.0.1.jar:/clusteruy/home/andres.collares/hadoop-3.3.3/share/hadoop/hdfs/lib/httpclient-4.5.13.jar:/clusteruy/home/andres.collares/hadoop-3.3.3/share/hadoop/hdfs/lib/reload4j-1.2.18.3.jar:/clusteruy/home/andres.collares/hadoop-3.3.3/share/hadoop/hdfs/lib/httpcore-4.4.13.jar:/clusteruy/home/andres.collares/hadoop-3.3.3/share/hadoop/hdfs/lib/kerb-simplekdc-1.0.1.jar:/clusteruy/home/andres.collares/hadoop-3.3.3/share/hadoop/hdfs/lib/j2objc-annotations-1.1.jar:/clusteruy/home/andres.collares/hadoop-3.3.3/share/hadoop/hdfs/lib/jetty-security-9.4.43.v20210629.jar:/clusteruy/home/andres.collares/hadoop-3.3.3/share/hadoop/hdfs/lib/jackson-annotations-2.13.2.jar:/clusteruy/home/andres.collares/hadoop-3.3.3/share/hadoop/hdfs/lib/kerb-util-1.0.1.jar:/clusteruy/home/andres.collares/hadoop-3.3.3/share/hadoop/hdfs/lib/jackson-core-2.13.2.jar:/clusteruy/home/andres.collares/hadoop-3.3.3/share/hadoop/hdfs/lib/kerby-asn1-1.0.1.jar:/clusteruy/home/andres.collares/hadoop-3.3.3/share/hadoop/hdfs/lib/jackson-core-asl-1.9.13.jar:/clusteruy/home/andres.collares/hadoop-3.3.3/share/hadoop/hdfs/lib/jetty-server-9.4.43.v20210629.jar:/clusteruy/home/andres.collares/hadoop-3.3.3/share/hadoop/hdfs/lib/jackson-databind-2.13.2.2.jar:/clusteruy/home/andres.collares/hadoop-3.3.3/share/hadoop/hdfs/lib/kerby-config-1.0.1.jar:/clusteruy/home/andres.collares/hadoop-3.3.3/share/hadoop/hdfs/lib/jackson-jaxrs-1.9.13.jar:/clusteruy/home/andres.collares/hadoop-3.3.3/share/hadoop/hdfs/lib/jetty-servlet-9.4.43.v20210629.jar:/clusteruy/home/andres.collares/hadoop-3.3.3/share/hadoop/hdfs/lib/jackson-mapper-asl-1.9.13.jar:/clusteruy/home/andres.collares/hadoop-3.3.3/share/hadoop/hdfs/lib/kerby-pkix-1.0.1.jar:/clusteruy/home/andres.collares/hadoop-3.3.3/share/hadoop/hdfs/lib/jackson-xc-1.9.13.jar:/clusteruy/home/andres.collares/hadoop-3.3.3/share/hadoop/hdfs/lib/jakarta.activation-api-1.2.1.jar:/clusteruy/home/andres.collares/hadoop-3.3.3/share/hadoop/hdfs/lib/jersey-core-1.19.jar:/clusteruy/home/andres.collares/hadoop-3.3.3/share/hadoop/hdfs/lib/snappy-java-1.1.8.2.jar:/clusteruy/home/andres.collares/hadoop-3.3.3/share/hadoop/hdfs/lib/jersey-json-1.19.jar:/clusteruy/home/andres.collares/hadoop-3.3.3/share/hadoop/hdfs/lib/kerby-util-1.0.1.jar:/clusteruy/home/andres.collares/hadoop-3.3.3/share/hadoop/hdfs/lib/jersey-server-1.19.jar:/clusteruy/home/andres.collares/hadoop-3.3.3/share/hadoop/hdfs/lib/kerby-xdr-1.0.1.jar:/clusteruy/home/andres.collares/hadoop-3.3.3/share/hadoop/hdfs/lib/jersey-servlet-1.19.jar:/clusteruy/home/andres.collares/hadoop-3.3.3/share/hadoop/hdfs/lib/stax2-api-4.2.1.jar:/clusteruy/home/andres.collares/hadoop-3.3.3/share/hadoop/hdfs/lib/jettison-1.1.jar:/clusteruy/home/andres.collares/hadoop-3.3.3/share/hadoop/hdfs/lib/token-provider-1.0.1.jar:/clusteruy/home/andres.collares/hadoop-3.3.3/share/hadoop/hdfs/lib/listenablefuture-9999.0-empty-to-avoid-conflict-with-guava.jar:/clusteruy/home/andres.collares/hadoop-3.3.3/share/hadoop/hdfs/lib/woodstox-core-5.3.0.jar:/clusteruy/home/andres.collares/hadoop-3.3.3/share/hadoop/hdfs/lib/zookeeper-3.5.6.jar:/clusteruy/home/andres.collares/hadoop-3.3.3/share/hadoop/hdfs/lib/zookeeper-jute-3.5.6.jar:/clusteruy/home/andres.collares/hadoop-3.3.3/share/hadoop/hdfs/hadoop-hdfs-3.3.3-tests.jar:/clusteruy/home/andres.collares/hadoop-3.3.3/share/hadoop/hdfs/hadoop-hdfs-3.3.3.jar:/clusteruy/home/andres.collares/hadoop-3.3.3/share/hadoop/hdfs/hadoop-hdfs-client-3.3.3-tests.jar:/clusteruy/home/andres.collares/hadoop-3.3.3/share/hadoop/hdfs/hadoop-hdfs-client-3.3.3.jar:/clusteruy/home/andres.collares/hadoop-3.3.3/share/hadoop/hdfs/hadoop-hdfs-httpfs-3.3.3.jar:/clusteruy/home/andres.collares/hadoop-3.3.3/share/hadoop/hdfs/hadoop-hdfs-native-client-3.3.3-tests.jar:/clusteruy/home/andres.collares/hadoop-3.3.3/share/hadoop/hdfs/hadoop-hdfs-native-client-3.3.3.jar:/clusteruy/home/andres.collares/hadoop-3.3.3/share/hadoop/hdfs/hadoop-hdfs-nfs-3.3.3.jar:/clusteruy/home/andres.collares/hadoop-3.3.3/share/hadoop/hdfs/hadoop-hdfs-rbf-3.3.3-tests.jar:/clusteruy/home/andres.collares/hadoop-3.3.3/share/hadoop/hdfs/hadoop-hdfs-rbf-3.3.3.jar:/clusteruy/home/andres.collares/hadoop-3.3.3/share/hadoop/mapreduce/hadoop-mapreduce-client-app-3.3.3.jar:/clusteruy/home/andres.collares/hadoop-3.3.3/share/hadoop/mapreduce/hadoop-mapreduce-client-common-3.3.3.jar:/clusteruy/home/andres.collares/hadoop-3.3.3/share/hadoop/mapreduce/hadoop-mapreduce-client-core-3.3.3.jar:/clusteruy/home/andres.collares/hadoop-3.3.3/share/hadoop/mapreduce/hadoop-mapreduce-client-hs-3.3.3.jar:/clusteruy/home/andres.collares/hadoop-3.3.3/share/hadoop/mapreduce/hadoop-mapreduce-client-hs-plugins-3.3.3.jar:/clusteruy/home/andres.collares/hadoop-3.3.3/share/hadoop/mapreduce/hadoop-mapreduce-client-jobclient-3.3.3-tests.jar:/clusteruy/home/andres.collares/hadoop-3.3.3/share/hadoop/mapreduce/hadoop-mapreduce-client-jobclient-3.3.3.jar:/clusteruy/home/andres.collares/hadoop-3.3.3/share/hadoop/mapreduce/hadoop-mapreduce-client-nativetask-3.3.3.jar:/clusteruy/home/andres.collares/hadoop-3.3.3/share/hadoop/mapreduce/hadoop-mapreduce-client-shuffle-3.3.3.jar:/clusteruy/home/andres.collares/hadoop-3.3.3/share/hadoop/mapreduce/hadoop-mapreduce-client-uploader-3.3.3.jar:/clusteruy/home/andres.collares/hadoop-3.3.3/share/hadoop/mapreduce/hadoop-mapreduce-examples-3.3.3.jar:/clusteruy/home/andres.collares/hadoop-3.3.3/share/hadoop/yarn:/clusteruy/home/andres.collares/hadoop-3.3.3/share/hadoop/yarn/lib/HikariCP-java7-2.4.12.jar:/clusteruy/home/andres.collares/hadoop-3.3.3/share/hadoop/yarn/lib/aopalliance-1.0.jar:/clusteruy/home/andres.collares/hadoop-3.3.3/share/hadoop/yarn/lib/asm-analysis-9.1.jar:/clusteruy/home/andres.collares/hadoop-3.3.3/share/hadoop/yarn/lib/asm-commons-9.1.jar:/clusteruy/home/andres.collares/hadoop-3.3.3/share/hadoop/yarn/lib/asm-tree-9.1.jar:/clusteruy/home/andres.collares/hadoop-3.3.3/share/hadoop/yarn/lib/bcpkix-jdk15on-1.60.jar:/clusteruy/home/andres.collares/hadoop-3.3.3/share/hadoop/yarn/lib/bcprov-jdk15on-1.60.jar:/clusteruy/home/andres.collares/hadoop-3.3.3/share/hadoop/yarn/lib/ehcache-3.3.1.jar:/clusteruy/home/andres.collares/hadoop-3.3.3/share/hadoop/yarn/lib/fst-2.50.jar:/clusteruy/home/andres.collares/hadoop-3.3.3/share/hadoop/yarn/lib/websocket-server-9.4.43.v20210629.jar:/clusteruy/home/andres.collares/hadoop-3.3.3/share/hadoop/yarn/lib/geronimo-jcache_1.0_spec-1.0-alpha-1.jar:/clusteruy/home/andres.collares/hadoop-3.3.3/share/hadoop/yarn/lib/guice-4.0.jar:/clusteruy/home/andres.collares/hadoop-3.3.3/share/hadoop/yarn/lib/guice-servlet-4.0.jar:/clusteruy/home/andres.collares/hadoop-3.3.3/share/hadoop/yarn/lib/jackson-jaxrs-base-2.13.2.jar:/clusteruy/home/andres.collares/hadoop-3.3.3/share/hadoop/yarn/lib/websocket-servlet-9.4.43.v20210629.jar:/clusteruy/home/andres.collares/hadoop-3.3.3/share/hadoop/yarn/lib/jackson-jaxrs-json-provider-2.13.2.jar:/clusteruy/home/andres.collares/hadoop-3.3.3/share/hadoop/yarn/lib/jackson-module-jaxb-annotations-2.13.2.jar:/clusteruy/home/andres.collares/hadoop-3.3.3/share/hadoop/yarn/lib/jakarta.xml.bind-api-2.3.3.jar:/clusteruy/home/andres.collares/hadoop-3.3.3/share/hadoop/yarn/lib/java-util-1.9.0.jar:/clusteruy/home/andres.collares/hadoop-3.3.3/share/hadoop/yarn/lib/websocket-client-9.4.43.v20210629.jar:/clusteruy/home/andres.collares/hadoop-3.3.3/share/hadoop/yarn/lib/javax-websocket-client-impl-9.4.43.v20210629.jar:/clusteruy/home/andres.collares/hadoop-3.3.3/share/hadoop/yarn/lib/websocket-common-9.4.43.v20210629.jar:/clusteruy/home/andres.collares/hadoop-3.3.3/share/hadoop/yarn/lib/javax-websocket-server-impl-9.4.43.v20210629.jar:/clusteruy/home/andres.collares/hadoop-3.3.3/share/hadoop/yarn/lib/javax.inject-1.jar:/clusteruy/home/andres.collares/hadoop-3.3.3/share/hadoop/yarn/lib/javax.websocket-api-1.0.jar:/clusteruy/home/andres.collares/hadoop-3.3.3/share/hadoop/yarn/lib/javax.websocket-client-api-1.0.jar:/clusteruy/home/andres.collares/hadoop-3.3.3/share/hadoop/yarn/lib/javax.ws.rs-api-2.1.1.jar:/clusteruy/home/andres.collares/hadoop-3.3.3/share/hadoop/yarn/lib/jersey-client-1.19.jar:/clusteruy/home/andres.collares/hadoop-3.3.3/share/hadoop/yarn/lib/jersey-guice-1.19.jar:/clusteruy/home/andres.collares/hadoop-3.3.3/share/hadoop/yarn/lib/jetty-annotations-9.4.43.v20210629.jar:/clusteruy/home/andres.collares/hadoop-3.3.3/share/hadoop/yarn/lib/jetty-client-9.4.43.v20210629.jar:/clusteruy/home/andres.collares/hadoop-3.3.3/share/hadoop/yarn/lib/jetty-jndi-9.4.43.v20210629.jar:/clusteruy/home/andres.collares/hadoop-3.3.3/share/hadoop/yarn/lib/jetty-plus-9.4.43.v20210629.jar:/clusteruy/home/andres.collares/hadoop-3.3.3/share/hadoop/yarn/lib/jline-3.9.0.jar:/clusteruy/home/andres.collares/hadoop-3.3.3/share/hadoop/yarn/lib/jna-5.2.0.jar:/clusteruy/home/andres.collares/hadoop-3.3.3/share/hadoop/yarn/lib/json-io-2.5.1.jar:/clusteruy/home/andres.collares/hadoop-3.3.3/share/hadoop/yarn/lib/metrics-core-3.2.4.jar:/clusteruy/home/andres.collares/hadoop-3.3.3/share/hadoop/yarn/lib/mssql-jdbc-6.2.1.jre7.jar:/clusteruy/home/andres.collares/hadoop-3.3.3/share/hadoop/yarn/lib/objenesis-2.6.jar:/clusteruy/home/andres.collares/hadoop-3.3.3/share/hadoop/yarn/lib/scala-library-2.13.8.jar:/clusteruy/home/andres.collares/hadoop-3.3.3/share/hadoop/yarn/lib/snakeyaml-1.26.jar:/clusteruy/home/andres.collares/hadoop-3.3.3/share/hadoop/yarn/lib/swagger-annotations-1.5.4.jar:/clusteruy/home/andres.collares/hadoop-3.3.3/share/hadoop/yarn/lib/websocket-api-9.4.43.v20210629.jar:/clusteruy/home/andres.collares/hadoop-3.3.3/share/hadoop/yarn/hadoop-yarn-api-3.3.3.jar:/clusteruy/home/andres.collares/hadoop-3.3.3/share/hadoop/yarn/hadoop-yarn-applications-distributedshell-3.3.3.jar:/clusteruy/home/andres.collares/hadoop-3.3.3/share/hadoop/yarn/hadoop-yarn-applications-mawo-core-3.3.3.jar:/clusteruy/home/andres.collares/hadoop-3.3.3/share/hadoop/yarn/hadoop-yarn-applications-unmanaged-am-launcher-3.3.3.jar:/clusteruy/home/andres.collares/hadoop-3.3.3/share/hadoop/yarn/hadoop-yarn-client-3.3.3.jar:/clusteruy/home/andres.collares/hadoop-3.3.3/share/hadoop/yarn/hadoop-yarn-common-3.3.3.jar:/clusteruy/home/andres.collares/hadoop-3.3.3/share/hadoop/yarn/hadoop-yarn-registry-3.3.3.jar:/clusteruy/home/andres.collares/hadoop-3.3.3/share/hadoop/yarn/hadoop-yarn-server-applicationhistoryservice-3.3.3.jar:/clusteruy/home/andres.collares/hadoop-3.3.3/share/hadoop/yarn/hadoop-yarn-server-common-3.3.3.jar:/clusteruy/home/andres.collares/hadoop-3.3.3/share/hadoop/yarn/hadoop-yarn-server-nodemanager-3.3.3.jar:/clusteruy/home/andres.collares/hadoop-3.3.3/share/hadoop/yarn/hadoop-yarn-server-resourcemanager-3.3.3.jar:/clusteruy/home/andres.collares/hadoop-3.3.3/share/hadoop/yarn/hadoop-yarn-server-router-3.3.3.jar:/clusteruy/home/andres.collares/hadoop-3.3.3/share/hadoop/yarn/hadoop-yarn-server-sharedcachemanager-3.3.3.jar:/clusteruy/home/andres.collares/hadoop-3.3.3/share/hadoop/yarn/hadoop-yarn-server-tests-3.3.3.jar:/clusteruy/home/andres.collares/hadoop-3.3.3/share/hadoop/yarn/hadoop-yarn-server-timeline-pluginstorage-3.3.3.jar:/clusteruy/home/andres.collares/hadoop-3.3.3/share/hadoop/yarn/hadoop-yarn-server-web-proxy-3.3.3.jar:/clusteruy/home/andres.collares/hadoop-3.3.3/share/hadoop/yarn/hadoop-yarn-services-api-3.3.3.jar:/clusteruy/home/andres.collares/hadoop-3.3.3/share/hadoop/yarn/hadoop-yarn-services-core-3.3.3.jar
STARTUP_MSG:   build = https://github.com/apache/hadoop.git -r d37586cbda38c338d9fe481addda5a05fb516f71; compiled by 'stevel' on 2022-05-09T16:36Z
STARTUP_MSG:   java = 1.8.0_191
************************************************************/
2022-07-26 21:18:32,339 INFO namenode.NameNode: registered UNIX signal handlers for [TERM, HUP, INT]
2022-07-26 21:18:32,495 INFO namenode.NameNode: createNameNode [-format]
2022-07-26 21:18:32,710 WARN util.NativeCodeLoader: Unable to load native-hadoop library for your platform... using builtin-java classes where applicable
2022-07-26 21:18:33,295 INFO common.Util: Assuming 'file' scheme for path /scratch/andres.collares/nameNode in configuration.
2022-07-26 21:18:33,296 INFO common.Util: Assuming 'file' scheme for path /scratch/andres.collares/nameNode in configuration.
2022-07-26 21:18:33,301 INFO namenode.NameNode: Formatting using clusterid: CID-83e6f0d3-e8e5-4c34-9dcb-76024c208441
2022-07-26 21:18:33,328 INFO namenode.FSEditLog: Edit logging is async:true
2022-07-26 21:18:33,371 INFO namenode.FSNamesystem: KeyProvider: null
2022-07-26 21:18:33,373 INFO namenode.FSNamesystem: fsLock is fair: true
2022-07-26 21:18:33,375 INFO namenode.FSNamesystem: Detailed lock hold time metrics enabled: false
2022-07-26 21:18:33,384 INFO namenode.FSNamesystem: fsOwner                = andres.collares (auth:SIMPLE)
2022-07-26 21:18:33,384 INFO namenode.FSNamesystem: supergroup             = supergroup
2022-07-26 21:18:33,384 INFO namenode.FSNamesystem: isPermissionEnabled    = true
2022-07-26 21:18:33,384 INFO namenode.FSNamesystem: isStoragePolicyEnabled = true
2022-07-26 21:18:33,384 INFO namenode.FSNamesystem: HA Enabled: false
2022-07-26 21:18:33,423 INFO common.Util: dfs.datanode.fileio.profiling.sampling.percentage set to 0. Disabling file IO profiling
2022-07-26 21:18:33,433 INFO blockmanagement.DatanodeManager: dfs.block.invalidate.limit: configured=1000, counted=60, effected=1000
2022-07-26 21:18:33,433 INFO blockmanagement.DatanodeManager: dfs.namenode.datanode.registration.ip-hostname-check=true
2022-07-26 21:18:33,436 INFO blockmanagement.BlockManager: dfs.namenode.startup.delay.block.deletion.sec is set to 000:00:00:00.000
2022-07-26 21:18:33,436 INFO blockmanagement.BlockManager: The block deletion will start around 2022 Jul 26 21:18:33
2022-07-26 21:18:33,437 INFO util.GSet: Computing capacity for map BlocksMap
2022-07-26 21:18:33,437 INFO util.GSet: VM type       = 64-bit
2022-07-26 21:18:33,439 INFO util.GSet: 2.0% max memory 26.7 GB = 546.1 MB
2022-07-26 21:18:33,439 INFO util.GSet: capacity      = 2^26 = 67108864 entries
2022-07-26 21:18:33,515 INFO blockmanagement.BlockManager: Storage policy satisfier is disabled
2022-07-26 21:18:33,515 INFO blockmanagement.BlockManager: dfs.block.access.token.enable = false
2022-07-26 21:18:33,520 INFO blockmanagement.BlockManagerSafeMode: dfs.namenode.safemode.threshold-pct = 0.999
2022-07-26 21:18:33,520 INFO blockmanagement.BlockManagerSafeMode: dfs.namenode.safemode.min.datanodes = 0
2022-07-26 21:18:33,520 INFO blockmanagement.BlockManagerSafeMode: dfs.namenode.safemode.extension = 30000
2022-07-26 21:18:33,521 INFO blockmanagement.BlockManager: defaultReplication         = 1
2022-07-26 21:18:33,521 INFO blockmanagement.BlockManager: maxReplication             = 512
2022-07-26 21:18:33,521 INFO blockmanagement.BlockManager: minReplication             = 1
2022-07-26 21:18:33,521 INFO blockmanagement.BlockManager: maxReplicationStreams      = 2
2022-07-26 21:18:33,521 INFO blockmanagement.BlockManager: redundancyRecheckInterval  = 3000ms
2022-07-26 21:18:33,521 INFO blockmanagement.BlockManager: encryptDataTransfer        = false
2022-07-26 21:18:33,521 INFO blockmanagement.BlockManager: maxNumBlocksToLog          = 1000
2022-07-26 21:18:33,545 INFO namenode.FSDirectory: GLOBAL serial map: bits=29 maxEntries=536870911
2022-07-26 21:18:33,545 INFO namenode.FSDirectory: USER serial map: bits=24 maxEntries=16777215
2022-07-26 21:18:33,545 INFO namenode.FSDirectory: GROUP serial map: bits=24 maxEntries=16777215
2022-07-26 21:18:33,545 INFO namenode.FSDirectory: XATTR serial map: bits=24 maxEntries=16777215
2022-07-26 21:18:33,555 INFO util.GSet: Computing capacity for map INodeMap
2022-07-26 21:18:33,555 INFO util.GSet: VM type       = 64-bit
2022-07-26 21:18:33,555 INFO util.GSet: 1.0% max memory 26.7 GB = 273.0 MB
2022-07-26 21:18:33,555 INFO util.GSet: capacity      = 2^25 = 33554432 entries
2022-07-26 21:18:34,105 INFO namenode.FSDirectory: ACLs enabled? true
2022-07-26 21:18:34,105 INFO namenode.FSDirectory: POSIX ACL inheritance enabled? true
2022-07-26 21:18:34,105 INFO namenode.FSDirectory: XAttrs enabled? true
2022-07-26 21:18:34,105 INFO namenode.NameNode: Caching file names occurring more than 10 times
2022-07-26 21:18:34,113 INFO snapshot.SnapshotManager: Loaded config captureOpenFiles: false, skipCaptureAccessTimeOnlyChange: false, snapshotDiffAllowSnapRootDescendant: true, maxSnapshotLimit: 65536
2022-07-26 21:18:34,120 INFO snapshot.SnapshotManager: SkipList is disabled
2022-07-26 21:18:34,125 INFO util.GSet: Computing capacity for map cachedBlocks
2022-07-26 21:18:34,125 INFO util.GSet: VM type       = 64-bit
2022-07-26 21:18:34,125 INFO util.GSet: 0.25% max memory 26.7 GB = 68.3 MB
2022-07-26 21:18:34,125 INFO util.GSet: capacity      = 2^23 = 8388608 entries
2022-07-26 21:18:34,134 INFO metrics.TopMetrics: NNTop conf: dfs.namenode.top.window.num.buckets = 10
2022-07-26 21:18:34,134 INFO metrics.TopMetrics: NNTop conf: dfs.namenode.top.num.users = 10
2022-07-26 21:18:34,134 INFO metrics.TopMetrics: NNTop conf: dfs.namenode.top.windows.minutes = 1,5,25
2022-07-26 21:18:34,137 INFO namenode.FSNamesystem: Retry cache on namenode is enabled
2022-07-26 21:18:34,138 INFO namenode.FSNamesystem: Retry cache will use 0.03 of total heap and retry cache entry expiry time is 600000 millis
2022-07-26 21:18:34,139 INFO util.GSet: Computing capacity for map NameNodeRetryCache
2022-07-26 21:18:34,139 INFO util.GSet: VM type       = 64-bit
2022-07-26 21:18:34,139 INFO util.GSet: 0.029999999329447746% max memory 26.7 GB = 8.2 MB
2022-07-26 21:18:34,139 INFO util.GSet: capacity      = 2^20 = 1048576 entries
2022-07-26 21:18:34,170 INFO namenode.FSImage: Allocated new BlockPoolId: BP-272866995-10.0.187.111-1658881114157
2022-07-26 21:18:34,188 INFO common.Storage: Storage directory /scratch/andres.collares/nameNode has been successfully formatted.
2022-07-26 21:18:34,245 INFO namenode.FSImageFormatProtobuf: Saving image file /scratch/andres.collares/nameNode/current/fsimage.ckpt_0000000000000000000 using no compression
2022-07-26 21:18:34,393 INFO namenode.FSImageFormatProtobuf: Image file /scratch/andres.collares/nameNode/current/fsimage.ckpt_0000000000000000000 of size 410 bytes saved in 0 seconds .
2022-07-26 21:18:34,412 INFO namenode.NNStorageRetentionManager: Going to retain 1 images with txid >= 0
2022-07-26 21:18:34,524 INFO namenode.FSNamesystem: Stopping services started for active state
2022-07-26 21:18:34,525 INFO namenode.FSNamesystem: Stopping services started for standby state
2022-07-26 21:18:34,530 INFO namenode.FSImage: FSImageSaver clean checkpoint: txid=0 when meet shutdown.
2022-07-26 21:18:34,531 INFO namenode.NameNode: SHUTDOWN_MSG: 
/************************************************************
SHUTDOWN_MSG: Shutting down NameNode at node11.datos.cluster.uy/10.0.187.111
************************************************************/
2022-07-26 21:18:51,055 WARN util.NativeCodeLoader: Unable to load native-hadoop library for your platform... using builtin-java classes where applicable
2022-07-26 21:18:53,815 WARN util.NativeCodeLoader: Unable to load native-hadoop library for your platform... using builtin-java classes where applicable
2022-07-26 21:18:56,406 WARN util.NativeCodeLoader: Unable to load native-hadoop library for your platform... using builtin-java classes where applicable
2022-07-26 21:36:51,607 WARN util.NativeCodeLoader: Unable to load native-hadoop library for your platform... using builtin-java classes where applicable
2022-07-26 21:36:52,456 INFO client.DefaultNoHARMFailoverProxyProvider: Connecting to ResourceManager at /0.0.0.0:8032
2022-07-26 21:36:52,979 INFO mapreduce.JobResourceUploader: Disabling Erasure Coding for path: /tmp/hadoop-yarn/staging/andres.collares/.staging/job_1658881124879_0001
2022-07-26 21:36:53,468 INFO input.FileInputFormat: Total input files to process : 33
2022-07-26 21:36:55,039 INFO mapreduce.JobSubmitter: number of splits:598
2022-07-26 21:36:55,190 INFO mapreduce.JobSubmitter: Submitting tokens for job: job_1658881124879_0001
2022-07-26 21:36:55,190 INFO mapreduce.JobSubmitter: Executing with tokens: []
2022-07-26 21:36:55,645 INFO conf.Configuration: resource-types.xml not found
2022-07-26 21:36:55,646 INFO resource.ResourceUtils: Unable to find 'resource-types.xml'.
2022-07-26 21:36:56,434 INFO impl.YarnClientImpl: Submitted application application_1658881124879_0001
2022-07-26 21:36:56,474 INFO mapreduce.Job: The url to track the job: http://node11.datos.cluster.uy:8088/proxy/application_1658881124879_0001/
2022-07-26 21:36:56,475 INFO mapreduce.Job: Running job: job_1658881124879_0001
2022-07-26 21:37:06,662 INFO mapreduce.Job: Job job_1658881124879_0001 running in uber mode : false
2022-07-26 21:37:06,664 INFO mapreduce.Job:  map 0% reduce 0%
2022-07-26 21:37:29,894 INFO mapreduce.Job:  map 1% reduce 0%
2022-07-26 21:37:31,922 INFO mapreduce.Job:  map 3% reduce 0%
2022-07-26 21:37:32,931 INFO mapreduce.Job:  map 4% reduce 0%
2022-07-26 21:37:49,036 INFO mapreduce.Job:  map 5% reduce 0%
2022-07-26 21:37:50,670 INFO mapreduce.Job:  map 6% reduce 0%
2022-07-26 21:37:52,684 INFO mapreduce.Job:  map 8% reduce 0%
2022-07-26 21:38:03,763 INFO mapreduce.Job:  map 9% reduce 0%
2022-07-26 21:38:08,787 INFO mapreduce.Job:  map 10% reduce 0%
2022-07-26 21:38:10,801 INFO mapreduce.Job:  map 11% reduce 0%
2022-07-26 21:38:11,809 INFO mapreduce.Job:  map 12% reduce 0%
2022-07-26 21:38:13,824 INFO mapreduce.Job:  map 13% reduce 0%
2022-07-26 21:38:19,850 INFO mapreduce.Job:  map 13% reduce 4%
2022-07-26 21:38:24,877 INFO mapreduce.Job:  map 14% reduce 4%
2022-07-26 21:38:27,896 INFO mapreduce.Job:  map 15% reduce 4%
2022-07-26 21:38:28,902 INFO mapreduce.Job:  map 17% reduce 4%
2022-07-26 21:38:31,919 INFO mapreduce.Job:  map 17% reduce 6%
2022-07-26 21:38:39,958 INFO mapreduce.Job:  map 18% reduce 6%
2022-07-26 21:38:44,029 INFO mapreduce.Job:  map 20% reduce 6%
2022-07-26 21:38:46,038 INFO mapreduce.Job:  map 21% reduce 6%
2022-07-26 21:38:50,057 INFO mapreduce.Job:  map 21% reduce 7%
2022-07-26 21:38:51,061 INFO mapreduce.Job:  map 22% reduce 7%
2022-07-26 21:38:58,090 INFO mapreduce.Job:  map 23% reduce 7%
2022-07-26 21:39:00,099 INFO mapreduce.Job:  map 24% reduce 7%
2022-07-26 21:39:01,103 INFO mapreduce.Job:  map 25% reduce 7%
2022-07-26 21:39:02,107 INFO mapreduce.Job:  map 25% reduce 8%
2022-07-26 21:39:04,114 INFO mapreduce.Job:  map 26% reduce 8%
2022-07-26 21:39:08,137 INFO mapreduce.Job:  map 26% reduce 9%
2022-07-26 21:39:12,155 INFO mapreduce.Job:  map 27% reduce 9%
2022-07-26 21:39:15,172 INFO mapreduce.Job:  map 28% reduce 9%
2022-07-26 21:39:16,176 INFO mapreduce.Job:  map 29% reduce 9%
2022-07-26 21:39:17,180 INFO mapreduce.Job:  map 30% reduce 9%
2022-07-26 21:39:20,189 INFO mapreduce.Job:  map 30% reduce 10%
2022-07-26 21:39:21,193 INFO mapreduce.Job:  map 31% reduce 10%
2022-07-26 21:39:29,236 INFO mapreduce.Job:  map 32% reduce 10%
2022-07-26 21:39:31,286 INFO mapreduce.Job:  map 33% reduce 10%
2022-07-26 21:39:32,289 INFO mapreduce.Job:  map 34% reduce 11%
2022-07-26 21:39:33,295 INFO mapreduce.Job:  map 35% reduce 11%
2022-07-26 21:39:38,393 INFO mapreduce.Job:  map 35% reduce 12%
2022-07-26 21:39:48,427 INFO mapreduce.Job:  map 36% reduce 12%
2022-07-26 21:39:49,440 INFO mapreduce.Job:  map 37% reduce 12%
2022-07-26 21:39:50,444 INFO mapreduce.Job:  map 39% reduce 12%
2022-07-26 21:39:56,481 INFO mapreduce.Job:  map 39% reduce 13%
2022-07-26 21:40:05,515 INFO mapreduce.Job:  map 40% reduce 13%
2022-07-26 21:40:06,640 INFO mapreduce.Job:  map 42% reduce 13%
2022-07-26 21:40:07,644 INFO mapreduce.Job:  map 42% reduce 14%
2022-07-26 21:40:15,670 INFO mapreduce.Job:  map 43% reduce 14%
2022-07-26 21:40:19,876 INFO mapreduce.Job:  map 44% reduce 14%
2022-07-26 21:40:25,896 INFO mapreduce.Job:  map 45% reduce 15%
2022-07-26 21:40:29,910 INFO mapreduce.Job:  map 46% reduce 15%
2022-07-26 21:40:32,919 INFO mapreduce.Job:  map 47% reduce 15%
2022-07-26 21:40:34,932 INFO mapreduce.Job:  map 48% reduce 15%
2022-07-26 21:40:36,939 INFO mapreduce.Job:  map 49% reduce 15%
2022-07-26 21:40:37,943 INFO mapreduce.Job:  map 49% reduce 16%
2022-07-26 21:40:38,951 INFO mapreduce.Job:  map 50% reduce 16%
2022-07-26 21:40:42,986 INFO mapreduce.Job:  map 51% reduce 16%
2022-07-26 21:40:43,988 INFO mapreduce.Job:  map 51% reduce 17%
2022-07-26 21:40:50,006 INFO mapreduce.Job:  map 52% reduce 17%
2022-07-26 21:40:52,013 INFO mapreduce.Job:  map 53% reduce 17%
2022-07-26 21:40:54,021 INFO mapreduce.Job:  map 54% reduce 17%
2022-07-26 21:40:55,024 INFO mapreduce.Job:  map 55% reduce 17%
2022-07-26 21:40:56,062 INFO mapreduce.Job:  map 55% reduce 18%
2022-07-26 21:41:03,086 INFO mapreduce.Job:  map 56% reduce 18%
2022-07-26 21:41:08,104 INFO mapreduce.Job:  map 57% reduce 19%
2022-07-26 21:41:09,109 INFO mapreduce.Job:  map 59% reduce 19%
2022-07-26 21:41:12,122 INFO mapreduce.Job:  map 60% reduce 19%
2022-07-26 21:41:14,127 INFO mapreduce.Job:  map 60% reduce 20%
2022-07-26 21:41:20,147 INFO mapreduce.Job:  map 61% reduce 20%
2022-07-26 21:41:25,169 INFO mapreduce.Job:  map 62% reduce 20%
2022-07-26 21:41:26,180 INFO mapreduce.Job:  map 63% reduce 21%
2022-07-26 21:41:28,186 INFO mapreduce.Job:  map 64% reduce 21%
2022-07-26 21:41:30,193 INFO mapreduce.Job:  map 65% reduce 21%
2022-07-26 21:41:32,199 INFO mapreduce.Job:  map 65% reduce 22%
2022-07-26 21:41:40,221 INFO mapreduce.Job:  map 66% reduce 22%
2022-07-26 21:41:43,230 INFO mapreduce.Job:  map 67% reduce 22%
2022-07-26 21:41:44,233 INFO mapreduce.Job:  map 68% reduce 23%
2022-07-26 21:41:45,236 INFO mapreduce.Job:  map 69% reduce 23%
2022-07-26 21:41:53,258 INFO mapreduce.Job:  map 70% reduce 23%
2022-07-26 21:41:58,271 INFO mapreduce.Job:  map 71% reduce 23%
2022-07-26 21:41:59,274 INFO mapreduce.Job:  map 72% reduce 23%
2022-07-26 21:42:01,279 INFO mapreduce.Job:  map 73% reduce 23%
2022-07-26 21:42:03,286 INFO mapreduce.Job:  map 73% reduce 24%
2022-07-26 21:42:05,291 INFO mapreduce.Job:  map 74% reduce 24%
2022-07-26 21:42:08,300 INFO mapreduce.Job:  map 75% reduce 24%
2022-07-26 21:42:09,303 INFO mapreduce.Job:  map 76% reduce 25%
2022-07-26 21:42:10,306 INFO mapreduce.Job:  map 77% reduce 25%
2022-07-26 21:42:15,320 INFO mapreduce.Job:  map 78% reduce 26%
2022-07-26 21:42:18,329 INFO mapreduce.Job:  map 79% reduce 26%
2022-07-26 21:42:19,332 INFO mapreduce.Job:  map 80% reduce 26%
2022-07-26 21:42:21,342 INFO mapreduce.Job:  map 81% reduce 27%
2022-07-26 21:42:25,354 INFO mapreduce.Job:  map 82% reduce 27%
2022-07-26 21:42:28,363 INFO mapreduce.Job:  map 83% reduce 27%
2022-07-26 21:42:30,368 INFO mapreduce.Job:  map 84% reduce 27%
2022-07-26 21:42:32,373 INFO mapreduce.Job:  map 85% reduce 27%
2022-07-26 21:42:33,375 INFO mapreduce.Job:  map 85% reduce 28%
2022-07-26 21:42:36,396 INFO mapreduce.Job:  map 86% reduce 28%
2022-07-26 21:42:38,403 INFO mapreduce.Job:  map 87% reduce 28%
2022-07-26 21:42:39,407 INFO mapreduce.Job:  map 87% reduce 29%
2022-07-26 21:42:40,420 INFO mapreduce.Job:  map 88% reduce 29%
2022-07-26 21:42:44,428 INFO mapreduce.Job:  map 89% reduce 29%
2022-07-26 21:42:45,430 INFO mapreduce.Job:  map 89% reduce 30%
2022-07-26 21:42:47,435 INFO mapreduce.Job:  map 90% reduce 30%
2022-07-26 21:42:48,437 INFO mapreduce.Job:  map 91% reduce 30%
2022-07-26 21:42:52,447 INFO mapreduce.Job:  map 92% reduce 30%
2022-07-26 21:42:56,456 INFO mapreduce.Job:  map 93% reduce 30%
2022-07-26 21:42:57,459 INFO mapreduce.Job:  map 93% reduce 31%
2022-07-26 21:42:58,461 INFO mapreduce.Job:  map 94% reduce 31%
2022-07-26 21:42:59,463 INFO mapreduce.Job:  map 95% reduce 31%
2022-07-26 21:43:03,472 INFO mapreduce.Job:  map 96% reduce 32%
2022-07-26 21:43:05,476 INFO mapreduce.Job:  map 97% reduce 32%
2022-07-26 21:43:06,479 INFO mapreduce.Job:  map 98% reduce 32%
2022-07-26 21:43:08,484 INFO mapreduce.Job:  map 99% reduce 32%
2022-07-26 21:43:09,486 INFO mapreduce.Job:  map 99% reduce 33%
2022-07-26 21:43:10,491 INFO mapreduce.Job:  map 100% reduce 33%
2022-07-26 21:43:11,496 INFO mapreduce.Job:  map 100% reduce 100%
2022-07-26 21:43:11,501 INFO mapreduce.Job: Job job_1658881124879_0001 completed successfully
2022-07-26 21:43:11,631 INFO mapreduce.Job: Counters: 55
	File System Counters
		FILE: Number of bytes read=115426
		FILE: Number of bytes written=165747551
		FILE: Number of read operations=0
		FILE: Number of large read operations=0
		FILE: Number of write operations=0
		HDFS: Number of bytes read=78131265959
		HDFS: Number of bytes written=17441
		HDFS: Number of read operations=1799
		HDFS: Number of large read operations=0
		HDFS: Number of write operations=2
		HDFS: Number of bytes read erasure-coded=0
	Job Counters 
		Killed map tasks=1
		Launched map tasks=599
		Launched reduce tasks=1
		Data-local map tasks=599
		Total time spent by all maps in occupied slots (ms)=14800876
		Total time spent by all reduces in occupied slots (ms)=1227508
		Total time spent by all map tasks (ms)=7400438
		Total time spent by all reduce tasks (ms)=306877
		Total vcore-milliseconds taken by all map tasks=7400438
		Total vcore-milliseconds taken by all reduce tasks=306877
		Total megabyte-milliseconds taken by all map tasks=30312194048
		Total megabyte-milliseconds taken by all reduce tasks=2513936384
	Map-Reduce Framework
		Map input records=635280850
		Map output records=635280850
		Map output bytes=9529183948
		Map output materialized bytes=119008
		Input split bytes=65777
		Combine input records=635280850
		Combine output records=6786
		Reduce input groups=965
		Reduce shuffle bytes=119008
		Reduce input records=6786
		Reduce output records=965
		Spilled Records=13572
		Shuffled Maps =598
		Failed Shuffles=0
		Merged Map outputs=598
		GC time elapsed (ms)=243813
		CPU time spent (ms)=5429510
		Physical memory (bytes) snapshot=739350929408
		Virtual memory (bytes) snapshot=3113816100864
		Total committed heap usage (bytes)=1102444494848
		Peak Map Physical memory (bytes)=2525863936
		Peak Map Virtual memory (bytes)=10382151680
		Peak Reduce Physical memory (bytes)=720515072
		Peak Reduce Virtual memory (bytes)=8561025024
	Shuffle Errors
		BAD_ID=0
		CONNECTION=0
		IO_ERROR=0
		WRONG_LENGTH=0
		WRONG_MAP=0
		WRONG_REDUCE=0
	File Input Format Counters 
		Bytes Read=78131200182
	File Output Format Counters 
		Bytes Written=17441
2022-07-26 21:43:12,896 WARN util.NativeCodeLoader: Unable to load native-hadoop library for your platform... using builtin-java classes where applicable
2022-07-26 21:43:18,137 WARN util.NativeCodeLoader: Unable to load native-hadoop library for your platform... using builtin-java classes where applicable
2022-07-26 21:43:18,798 INFO client.DefaultNoHARMFailoverProxyProvider: Connecting to ResourceManager at /0.0.0.0:8032
2022-07-26 21:43:19,187 INFO mapreduce.JobResourceUploader: Disabling Erasure Coding for path: /tmp/hadoop-yarn/staging/andres.collares/.staging/job_1658881124879_0002
2022-07-26 21:43:19,458 INFO input.FileInputFormat: Total input files to process : 33
2022-07-26 21:43:19,518 INFO mapreduce.JobSubmitter: number of splits:598
2022-07-26 21:43:19,611 INFO mapreduce.JobSubmitter: Submitting tokens for job: job_1658881124879_0002
2022-07-26 21:43:19,611 INFO mapreduce.JobSubmitter: Executing with tokens: []
2022-07-26 21:43:19,754 INFO conf.Configuration: resource-types.xml not found
2022-07-26 21:43:19,754 INFO resource.ResourceUtils: Unable to find 'resource-types.xml'.
2022-07-26 21:43:19,820 INFO impl.YarnClientImpl: Submitted application application_1658881124879_0002
2022-07-26 21:43:19,849 INFO mapreduce.Job: The url to track the job: http://node11.datos.cluster.uy:8088/proxy/application_1658881124879_0002/
2022-07-26 21:43:19,849 INFO mapreduce.Job: Running job: job_1658881124879_0002
2022-07-26 21:43:26,973 INFO mapreduce.Job: Job job_1658881124879_0002 running in uber mode : false
2022-07-26 21:43:26,975 INFO mapreduce.Job:  map 0% reduce 0%
2022-07-26 21:43:41,126 INFO mapreduce.Job:  map 1% reduce 0%
2022-07-26 21:43:42,137 INFO mapreduce.Job:  map 2% reduce 0%
2022-07-26 21:43:43,149 INFO mapreduce.Job:  map 4% reduce 0%
2022-07-26 21:43:58,246 INFO mapreduce.Job:  map 5% reduce 0%
2022-07-26 21:44:00,258 INFO mapreduce.Job:  map 6% reduce 0%
2022-07-26 21:44:01,263 INFO mapreduce.Job:  map 7% reduce 0%
2022-07-26 21:44:02,268 INFO mapreduce.Job:  map 8% reduce 0%
2022-07-26 21:44:06,290 INFO mapreduce.Job:  map 9% reduce 0%
2022-07-26 21:44:11,324 INFO mapreduce.Job:  map 10% reduce 0%
2022-07-26 21:44:16,354 INFO mapreduce.Job:  map 11% reduce 0%
2022-07-26 21:44:17,362 INFO mapreduce.Job:  map 12% reduce 0%
2022-07-26 21:44:21,393 INFO mapreduce.Job:  map 13% reduce 0%
2022-07-26 21:44:22,399 INFO mapreduce.Job:  map 14% reduce 0%
2022-07-26 21:44:25,419 INFO mapreduce.Job:  map 14% reduce 5%
2022-07-26 21:44:28,444 INFO mapreduce.Job:  map 15% reduce 5%
2022-07-26 21:44:29,457 INFO mapreduce.Job:  map 16% reduce 5%
2022-07-26 21:44:32,484 INFO mapreduce.Job:  map 17% reduce 5%
2022-07-26 21:44:33,489 INFO mapreduce.Job:  map 18% reduce 5%
2022-07-26 21:44:37,512 INFO mapreduce.Job:  map 18% reduce 6%
2022-07-26 21:44:39,522 INFO mapreduce.Job:  map 19% reduce 6%
2022-07-26 21:44:40,527 INFO mapreduce.Job:  map 20% reduce 6%
2022-07-26 21:44:43,544 INFO mapreduce.Job:  map 21% reduce 7%
2022-07-26 21:44:45,557 INFO mapreduce.Job:  map 22% reduce 7%
2022-07-26 21:44:53,617 INFO mapreduce.Job:  map 23% reduce 7%
2022-07-26 21:44:55,482 INFO mapreduce.Job:  map 23% reduce 8%
2022-07-26 21:44:56,487 INFO mapreduce.Job:  map 24% reduce 8%
2022-07-26 21:44:57,491 INFO mapreduce.Job:  map 25% reduce 8%
2022-07-26 21:45:05,525 INFO mapreduce.Job:  map 26% reduce 8%
2022-07-26 21:45:06,537 INFO mapreduce.Job:  map 27% reduce 8%
2022-07-26 21:45:07,541 INFO mapreduce.Job:  map 27% reduce 9%
2022-07-26 21:45:08,546 INFO mapreduce.Job:  map 28% reduce 9%
2022-07-26 21:45:09,550 INFO mapreduce.Job:  map 29% reduce 9%
2022-07-26 21:45:13,568 INFO mapreduce.Job:  map 29% reduce 10%
2022-07-26 21:45:16,579 INFO mapreduce.Job:  map 30% reduce 10%
2022-07-26 21:45:17,584 INFO mapreduce.Job:  map 31% reduce 10%
2022-07-26 21:45:20,595 INFO mapreduce.Job:  map 32% reduce 10%
2022-07-26 21:45:21,612 INFO mapreduce.Job:  map 33% reduce 10%
2022-07-26 21:45:25,639 INFO mapreduce.Job:  map 33% reduce 11%
2022-07-26 21:45:27,647 INFO mapreduce.Job:  map 34% reduce 11%
2022-07-26 21:45:29,655 INFO mapreduce.Job:  map 35% reduce 11%
2022-07-26 21:45:30,658 INFO mapreduce.Job:  map 36% reduce 11%
2022-07-26 21:45:31,662 INFO mapreduce.Job:  map 36% reduce 12%
2022-07-26 21:45:33,670 INFO mapreduce.Job:  map 37% reduce 12%
2022-07-26 21:45:41,714 INFO mapreduce.Job:  map 38% reduce 12%
2022-07-26 21:45:42,718 INFO mapreduce.Job:  map 39% reduce 12%
2022-07-26 21:45:43,726 INFO mapreduce.Job:  map 40% reduce 13%
2022-07-26 21:45:47,745 INFO mapreduce.Job:  map 41% reduce 13%
2022-07-26 21:45:49,750 INFO mapreduce.Job:  map 41% reduce 14%
2022-07-26 21:45:54,767 INFO mapreduce.Job:  map 42% reduce 14%
2022-07-26 21:45:55,771 INFO mapreduce.Job:  map 43% reduce 14%
2022-07-26 21:45:56,776 INFO mapreduce.Job:  map 44% reduce 14%
2022-07-26 21:45:59,800 INFO mapreduce.Job:  map 45% reduce 14%
2022-07-26 21:46:01,810 INFO mapreduce.Job:  map 45% reduce 15%
2022-07-26 21:46:04,820 INFO mapreduce.Job:  map 46% reduce 15%
2022-07-26 21:46:06,836 INFO mapreduce.Job:  map 47% reduce 15%
2022-07-26 21:46:07,839 INFO mapreduce.Job:  map 47% reduce 16%
2022-07-26 21:46:08,843 INFO mapreduce.Job:  map 48% reduce 16%
2022-07-26 21:46:12,857 INFO mapreduce.Job:  map 49% reduce 16%
2022-07-26 21:46:13,861 INFO mapreduce.Job:  map 50% reduce 16%
2022-07-26 21:46:17,873 INFO mapreduce.Job:  map 51% reduce 16%
2022-07-26 21:46:20,883 INFO mapreduce.Job:  map 52% reduce 17%
2022-07-26 21:46:24,900 INFO mapreduce.Job:  map 53% reduce 17%
2022-07-26 21:46:26,907 INFO mapreduce.Job:  map 53% reduce 18%
2022-07-26 21:46:28,913 INFO mapreduce.Job:  map 54% reduce 18%
2022-07-26 21:46:29,916 INFO mapreduce.Job:  map 55% reduce 18%
2022-07-26 21:46:32,925 INFO mapreduce.Job:  map 56% reduce 18%
2022-07-26 21:46:36,941 INFO mapreduce.Job:  map 57% reduce 18%
2022-07-26 21:46:38,947 INFO mapreduce.Job:  map 57% reduce 19%
2022-07-26 21:46:41,972 INFO mapreduce.Job:  map 58% reduce 19%
2022-07-26 21:46:43,987 INFO mapreduce.Job:  map 59% reduce 19%
2022-07-26 21:46:45,023 INFO mapreduce.Job:  map 60% reduce 19%
2022-07-26 21:46:48,032 INFO mapreduce.Job:  map 61% reduce 19%
2022-07-26 21:46:51,041 INFO mapreduce.Job:  map 61% reduce 20%
2022-07-26 21:46:53,048 INFO mapreduce.Job:  map 62% reduce 20%
2022-07-26 21:46:55,056 INFO mapreduce.Job:  map 63% reduce 20%
2022-07-26 21:46:57,068 INFO mapreduce.Job:  map 64% reduce 21%
2022-07-26 21:47:00,082 INFO mapreduce.Job:  map 65% reduce 21%
2022-07-26 21:47:03,098 INFO mapreduce.Job:  map 65% reduce 22%
2022-07-26 21:47:06,108 INFO mapreduce.Job:  map 66% reduce 22%
2022-07-26 21:47:07,118 INFO mapreduce.Job:  map 67% reduce 22%
2022-07-26 21:47:09,124 INFO mapreduce.Job:  map 68% reduce 22%
2022-07-26 21:47:11,130 INFO mapreduce.Job:  map 69% reduce 22%
2022-07-26 21:47:15,143 INFO mapreduce.Job:  map 69% reduce 23%
2022-07-26 21:47:17,150 INFO mapreduce.Job:  map 70% reduce 23%
2022-07-26 21:47:19,157 INFO mapreduce.Job:  map 71% reduce 23%
2022-07-26 21:47:21,162 INFO mapreduce.Job:  map 72% reduce 24%
2022-07-26 21:47:23,182 INFO mapreduce.Job:  map 73% reduce 24%
2022-07-26 21:47:29,202 INFO mapreduce.Job:  map 74% reduce 24%
2022-07-26 21:47:31,208 INFO mapreduce.Job:  map 75% reduce 24%
2022-07-26 21:47:32,211 INFO mapreduce.Job:  map 76% reduce 24%
2022-07-26 21:47:33,214 INFO mapreduce.Job:  map 76% reduce 25%
2022-07-26 21:47:35,227 INFO mapreduce.Job:  map 77% reduce 25%
2022-07-26 21:47:39,236 INFO mapreduce.Job:  map 77% reduce 26%
2022-07-26 21:47:42,244 INFO mapreduce.Job:  map 78% reduce 26%
2022-07-26 21:47:45,260 INFO mapreduce.Job:  map 79% reduce 26%
2022-07-26 21:47:46,263 INFO mapreduce.Job:  map 80% reduce 26%
2022-07-26 21:47:48,272 INFO mapreduce.Job:  map 81% reduce 26%
2022-07-26 21:47:51,279 INFO mapreduce.Job:  map 81% reduce 27%
2022-07-26 21:47:54,286 INFO mapreduce.Job:  map 82% reduce 27%
2022-07-26 21:48:00,303 INFO mapreduce.Job:  map 83% reduce 27%
2022-07-26 21:48:02,309 INFO mapreduce.Job:  map 84% reduce 27%
2022-07-26 21:48:03,312 INFO mapreduce.Job:  map 84% reduce 28%
2022-07-26 21:48:04,316 INFO mapreduce.Job:  map 86% reduce 28%
2022-07-26 21:48:09,337 INFO mapreduce.Job:  map 86% reduce 29%
2022-07-26 21:48:12,347 INFO mapreduce.Job:  map 87% reduce 29%
2022-07-26 21:48:14,352 INFO mapreduce.Job:  map 88% reduce 29%
2022-07-26 21:48:15,354 INFO mapreduce.Job:  map 89% reduce 29%
2022-07-26 21:48:21,372 INFO mapreduce.Job:  map 89% reduce 30%
2022-07-26 21:48:22,376 INFO mapreduce.Job:  map 90% reduce 30%
2022-07-26 21:48:25,385 INFO mapreduce.Job:  map 92% reduce 30%
2022-07-26 21:48:26,387 INFO mapreduce.Job:  map 93% reduce 30%
2022-07-26 21:48:27,390 INFO mapreduce.Job:  map 93% reduce 31%
2022-07-26 21:48:33,404 INFO mapreduce.Job:  map 94% reduce 31%
2022-07-26 21:48:36,422 INFO mapreduce.Job:  map 95% reduce 31%
2022-07-26 21:48:37,424 INFO mapreduce.Job:  map 96% reduce 31%
2022-07-26 21:48:38,427 INFO mapreduce.Job:  map 97% reduce 31%
2022-07-26 21:48:39,429 INFO mapreduce.Job:  map 97% reduce 32%
2022-07-26 21:48:41,433 INFO mapreduce.Job:  map 98% reduce 32%
2022-07-26 21:48:44,442 INFO mapreduce.Job:  map 100% reduce 32%
2022-07-26 21:48:45,445 INFO mapreduce.Job:  map 100% reduce 36%
2022-07-26 21:48:46,449 INFO mapreduce.Job:  map 100% reduce 100%
2022-07-26 21:48:46,454 INFO mapreduce.Job: Job job_1658881124879_0002 completed successfully
2022-07-26 21:48:46,578 INFO mapreduce.Job: Counters: 55
	File System Counters
		FILE: Number of bytes read=23226570
		FILE: Number of bytes written=212576027
		FILE: Number of read operations=0
		FILE: Number of large read operations=0
		FILE: Number of write operations=0
		HDFS: Number of bytes read=78131265959
		HDFS: Number of bytes written=4452015
		HDFS: Number of read operations=1799
		HDFS: Number of large read operations=0
		HDFS: Number of write operations=2
		HDFS: Number of bytes read erasure-coded=0
	Job Counters 
		Killed map tasks=1
		Launched map tasks=599
		Launched reduce tasks=1
		Data-local map tasks=599
		Total time spent by all maps in occupied slots (ms)=12840358
		Total time spent by all reduces in occupied slots (ms)=1117616
		Total time spent by all map tasks (ms)=6420179
		Total time spent by all reduce tasks (ms)=279404
		Total vcore-milliseconds taken by all map tasks=6420179
		Total vcore-milliseconds taken by all reduce tasks=279404
		Total megabyte-milliseconds taken by all map tasks=26297053184
		Total megabyte-milliseconds taken by all reduce tasks=2288877568
	Map-Reduce Framework
		Map input records=635280850
		Map output records=635280850
		Map output bytes=18139306971
		Map output materialized bytes=23230152
		Input split bytes=65777
		Combine input records=635280850
		Combine output records=882482
		Reduce input groups=199192
		Reduce shuffle bytes=23230152
		Reduce input records=882482
		Reduce output records=199192
		Spilled Records=1764964
		Shuffled Maps =598
		Failed Shuffles=0
		Merged Map outputs=598
		GC time elapsed (ms)=276504
		CPU time spent (ms)=6290390
		Physical memory (bytes) snapshot=754906968064
		Virtual memory (bytes) snapshot=3117194760192
		Total committed heap usage (bytes)=1064768110592
		Peak Map Physical memory (bytes)=1319202816
		Peak Map Virtual memory (bytes)=5237723136
		Peak Reduce Physical memory (bytes)=740540416
		Peak Reduce Virtual memory (bytes)=8554373120
	Shuffle Errors
		BAD_ID=0
		CONNECTION=0
		IO_ERROR=0
		WRONG_LENGTH=0
		WRONG_MAP=0
		WRONG_REDUCE=0
	File Input Format Counters 
		Bytes Read=78131200182
	File Output Format Counters 
		Bytes Written=4452015
2022-07-26 21:48:47,533 WARN util.NativeCodeLoader: Unable to load native-hadoop library for your platform... using builtin-java classes where applicable
2022-07-26 21:48:49,736 WARN util.NativeCodeLoader: Unable to load native-hadoop library for your platform... using builtin-java classes where applicable
2022-07-26 21:48:50,374 INFO client.DefaultNoHARMFailoverProxyProvider: Connecting to ResourceManager at /0.0.0.0:8032
2022-07-26 21:48:50,783 INFO mapreduce.JobResourceUploader: Disabling Erasure Coding for path: /tmp/hadoop-yarn/staging/andres.collares/.staging/job_1658881124879_0003
2022-07-26 21:48:51,042 INFO input.FileInputFormat: Total input files to process : 33
2022-07-26 21:48:51,095 INFO mapreduce.JobSubmitter: number of splits:598
2022-07-26 21:48:51,185 INFO mapreduce.JobSubmitter: Submitting tokens for job: job_1658881124879_0003
2022-07-26 21:48:51,185 INFO mapreduce.JobSubmitter: Executing with tokens: []
2022-07-26 21:48:51,327 INFO conf.Configuration: resource-types.xml not found
2022-07-26 21:48:51,328 INFO resource.ResourceUtils: Unable to find 'resource-types.xml'.
2022-07-26 21:48:51,401 INFO impl.YarnClientImpl: Submitted application application_1658881124879_0003
2022-07-26 21:48:51,430 INFO mapreduce.Job: The url to track the job: http://node11.datos.cluster.uy:8088/proxy/application_1658881124879_0003/
2022-07-26 21:48:51,430 INFO mapreduce.Job: Running job: job_1658881124879_0003
2022-07-26 21:48:57,556 INFO mapreduce.Job: Job job_1658881124879_0003 running in uber mode : false
2022-07-26 21:48:57,559 INFO mapreduce.Job:  map 0% reduce 0%
2022-07-26 21:49:12,787 INFO mapreduce.Job:  map 1% reduce 0%
2022-07-26 21:49:13,796 INFO mapreduce.Job:  map 3% reduce 0%
2022-07-26 21:49:14,806 INFO mapreduce.Job:  map 4% reduce 0%
2022-07-26 21:49:23,870 INFO mapreduce.Job:  map 5% reduce 0%
2022-07-26 21:49:24,878 INFO mapreduce.Job:  map 6% reduce 0%
2022-07-26 21:49:25,883 INFO mapreduce.Job:  map 7% reduce 0%
2022-07-26 21:49:27,896 INFO mapreduce.Job:  map 8% reduce 0%
2022-07-26 21:49:37,987 INFO mapreduce.Job:  map 9% reduce 0%
2022-07-26 21:49:43,020 INFO mapreduce.Job:  map 11% reduce 0%
2022-07-26 21:49:44,025 INFO mapreduce.Job:  map 12% reduce 0%
2022-07-26 21:49:51,080 INFO mapreduce.Job:  map 13% reduce 0%
2022-07-26 21:49:54,095 INFO mapreduce.Job:  map 14% reduce 0%
2022-07-26 21:49:55,102 INFO mapreduce.Job:  map 15% reduce 0%
2022-07-26 21:49:57,115 INFO mapreduce.Job:  map 16% reduce 5%
2022-07-26 21:50:03,164 INFO mapreduce.Job:  map 17% reduce 5%
2022-07-26 21:50:08,190 INFO mapreduce.Job:  map 18% reduce 5%
2022-07-26 21:50:09,195 INFO mapreduce.Job:  map 20% reduce 6%
2022-07-26 21:50:15,219 INFO mapreduce.Job:  map 20% reduce 7%
2022-07-26 21:50:16,224 INFO mapreduce.Job:  map 21% reduce 7%
2022-07-26 21:50:19,238 INFO mapreduce.Job:  map 23% reduce 7%
2022-07-26 21:50:21,246 INFO mapreduce.Job:  map 23% reduce 8%
2022-07-26 21:50:22,251 INFO mapreduce.Job:  map 24% reduce 8%
2022-07-26 21:50:26,276 INFO mapreduce.Job:  map 25% reduce 8%
2022-07-26 21:50:31,298 INFO mapreduce.Job:  map 27% reduce 8%
2022-07-26 21:50:33,307 INFO mapreduce.Job:  map 28% reduce 9%
2022-07-26 21:50:37,327 INFO mapreduce.Job:  map 29% reduce 9%
2022-07-26 21:50:39,334 INFO mapreduce.Job:  map 29% reduce 10%
2022-07-26 21:50:41,342 INFO mapreduce.Job:  map 30% reduce 10%
2022-07-26 21:50:42,349 INFO mapreduce.Job:  map 31% reduce 10%
2022-07-26 21:50:45,364 INFO mapreduce.Job:  map 32% reduce 10%
2022-07-26 21:50:51,404 INFO mapreduce.Job:  map 33% reduce 11%
2022-07-26 21:50:53,415 INFO mapreduce.Job:  map 35% reduce 11%
2022-07-26 21:50:56,429 INFO mapreduce.Job:  map 36% reduce 11%
2022-07-26 21:50:57,439 INFO mapreduce.Job:  map 36% reduce 12%
2022-07-26 21:51:02,493 INFO mapreduce.Job:  map 37% reduce 12%
2022-07-26 21:51:05,508 INFO mapreduce.Job:  map 38% reduce 12%
2022-07-26 21:51:08,498 INFO mapreduce.Job:  map 39% reduce 12%
2022-07-26 21:51:09,505 INFO mapreduce.Job:  map 40% reduce 13%
2022-07-26 21:51:14,522 INFO mapreduce.Job:  map 41% reduce 13%
2022-07-26 21:51:15,555 INFO mapreduce.Job:  map 41% reduce 14%
2022-07-26 21:51:18,425 INFO mapreduce.Job:  map 42% reduce 14%
2022-07-26 21:51:19,430 INFO mapreduce.Job:  map 43% reduce 14%
2022-07-26 21:51:21,622 INFO mapreduce.Job:  map 44% reduce 14%
2022-07-26 21:51:27,648 INFO mapreduce.Job:  map 44% reduce 15%
2022-07-26 21:51:29,657 INFO mapreduce.Job:  map 45% reduce 15%
2022-07-26 21:51:31,668 INFO mapreduce.Job:  map 46% reduce 15%
2022-07-26 21:51:32,675 INFO mapreduce.Job:  map 47% reduce 15%
2022-07-26 21:51:33,678 INFO mapreduce.Job:  map 47% reduce 16%
2022-07-26 21:51:34,688 INFO mapreduce.Job:  map 48% reduce 16%
2022-07-26 21:51:40,708 INFO mapreduce.Job:  map 49% reduce 16%
2022-07-26 21:51:43,746 INFO mapreduce.Job:  map 50% reduce 16%
2022-07-26 21:51:44,750 INFO mapreduce.Job:  map 51% reduce 16%
2022-07-26 21:51:45,754 INFO mapreduce.Job:  map 51% reduce 17%
2022-07-26 21:51:46,758 INFO mapreduce.Job:  map 52% reduce 17%
2022-07-26 21:51:53,868 INFO mapreduce.Job:  map 53% reduce 17%
2022-07-26 21:51:57,881 INFO mapreduce.Job:  map 53% reduce 18%
2022-07-26 21:52:01,898 INFO mapreduce.Job:  map 55% reduce 18%
2022-07-26 21:52:02,901 INFO mapreduce.Job:  map 56% reduce 18%
2022-07-26 21:52:03,903 INFO mapreduce.Job:  map 56% reduce 19%
2022-07-26 21:52:12,012 INFO mapreduce.Job:  map 57% reduce 19%
2022-07-26 21:52:16,049 INFO mapreduce.Job:  map 58% reduce 19%
2022-07-26 21:52:17,052 INFO mapreduce.Job:  map 60% reduce 19%
2022-07-26 21:52:22,067 INFO mapreduce.Job:  map 60% reduce 20%
2022-07-26 21:52:26,077 INFO mapreduce.Job:  map 61% reduce 20%
2022-07-26 21:52:28,101 INFO mapreduce.Job:  map 62% reduce 20%
2022-07-26 21:52:29,104 INFO mapreduce.Job:  map 63% reduce 20%
2022-07-26 21:52:32,115 INFO mapreduce.Job:  map 64% reduce 20%
2022-07-26 21:52:34,121 INFO mapreduce.Job:  map 64% reduce 21%
2022-07-26 21:52:36,145 INFO mapreduce.Job:  map 65% reduce 21%
2022-07-26 21:52:40,160 INFO mapreduce.Job:  map 65% reduce 22%
2022-07-26 21:52:43,280 INFO mapreduce.Job:  map 66% reduce 22%
2022-07-26 21:52:44,282 INFO mapreduce.Job:  map 67% reduce 22%
2022-07-26 21:52:47,291 INFO mapreduce.Job:  map 68% reduce 22%
2022-07-26 21:52:52,349 INFO mapreduce.Job:  map 68% reduce 23%
2022-07-26 21:52:55,356 INFO mapreduce.Job:  map 69% reduce 23%
2022-07-26 21:52:57,361 INFO mapreduce.Job:  map 70% reduce 23%
2022-07-26 21:52:58,365 INFO mapreduce.Job:  map 71% reduce 23%
2022-07-26 21:53:00,372 INFO mapreduce.Job:  map 72% reduce 23%
2022-07-26 21:53:04,403 INFO mapreduce.Job:  map 72% reduce 24%
2022-07-26 21:53:12,466 INFO mapreduce.Job:  map 73% reduce 24%
2022-07-26 21:53:14,477 INFO mapreduce.Job:  map 74% reduce 24%
2022-07-26 21:53:15,480 INFO mapreduce.Job:  map 75% reduce 24%
2022-07-26 21:53:16,485 INFO mapreduce.Job:  map 76% reduce 25%
2022-07-26 21:53:24,508 INFO mapreduce.Job:  map 77% reduce 25%
2022-07-26 21:53:28,526 INFO mapreduce.Job:  map 77% reduce 26%
2022-07-26 21:53:31,534 INFO mapreduce.Job:  map 78% reduce 26%
2022-07-26 21:53:32,537 INFO mapreduce.Job:  map 80% reduce 26%
2022-07-26 21:53:34,543 INFO mapreduce.Job:  map 80% reduce 27%
2022-07-26 21:53:37,589 INFO mapreduce.Job:  map 81% reduce 27%
2022-07-26 21:53:42,600 INFO mapreduce.Job:  map 82% reduce 27%
2022-07-26 21:53:43,605 INFO mapreduce.Job:  map 83% reduce 27%
2022-07-26 21:53:46,614 INFO mapreduce.Job:  map 83% reduce 28%
2022-07-26 21:53:47,617 INFO mapreduce.Job:  map 84% reduce 28%
2022-07-26 21:53:54,634 INFO mapreduce.Job:  map 85% reduce 28%
2022-07-26 21:53:58,657 INFO mapreduce.Job:  map 87% reduce 29%
2022-07-26 21:54:02,666 INFO mapreduce.Job:  map 88% reduce 29%
2022-07-26 21:54:07,677 INFO mapreduce.Job:  map 89% reduce 29%
2022-07-26 21:54:10,684 INFO mapreduce.Job:  map 89% reduce 30%
2022-07-26 21:54:13,692 INFO mapreduce.Job:  map 90% reduce 30%
2022-07-26 21:54:14,841 INFO mapreduce.Job:  map 91% reduce 30%
2022-07-26 21:54:16,847 INFO mapreduce.Job:  map 92% reduce 30%
2022-07-26 21:54:22,865 INFO mapreduce.Job:  map 93% reduce 31%
2022-07-26 21:54:27,878 INFO mapreduce.Job:  map 94% reduce 31%
2022-07-26 21:54:33,897 INFO mapreduce.Job:  map 95% reduce 31%
2022-07-26 21:54:35,023 INFO mapreduce.Job:  map 95% reduce 32%
2022-07-26 21:54:37,028 INFO mapreduce.Job:  map 96% reduce 32%
2022-07-26 21:54:38,031 INFO mapreduce.Job:  map 97% reduce 32%
2022-07-26 21:54:42,043 INFO mapreduce.Job:  map 98% reduce 32%
2022-07-26 21:54:47,138 INFO mapreduce.Job:  map 99% reduce 33%
2022-07-26 21:54:48,141 INFO mapreduce.Job:  map 100% reduce 33%
2022-07-26 21:54:50,148 INFO mapreduce.Job:  map 100% reduce 100%
2022-07-26 21:54:51,156 INFO mapreduce.Job: Job job_1658881124879_0003 completed successfully
2022-07-26 21:54:51,273 INFO mapreduce.Job: Counters: 55
	File System Counters
		FILE: Number of bytes read=15323825
		FILE: Number of bytes written=196767542
		FILE: Number of read operations=0
		FILE: Number of large read operations=0
		FILE: Number of write operations=0
		HDFS: Number of bytes read=78131265959
		HDFS: Number of bytes written=2382236
		HDFS: Number of read operations=1799
		HDFS: Number of large read operations=0
		HDFS: Number of write operations=2
		HDFS: Number of bytes read erasure-coded=0
	Job Counters 
		Killed map tasks=1
		Launched map tasks=598
		Launched reduce tasks=1
		Data-local map tasks=598
		Total time spent by all maps in occupied slots (ms)=13927864
		Total time spent by all reduces in occupied slots (ms)=1238976
		Total time spent by all map tasks (ms)=6963932
		Total time spent by all reduce tasks (ms)=309744
		Total vcore-milliseconds taken by all map tasks=6963932
		Total vcore-milliseconds taken by all reduce tasks=309744
		Total megabyte-milliseconds taken by all map tasks=28524265472
		Total megabyte-milliseconds taken by all reduce tasks=2537422848
	Map-Reduce Framework
		Map input records=635280850
		Map output records=635280850
		Map output bytes=11994798284
		Map output materialized bytes=15327407
		Input split bytes=65777
		Combine input records=635280850
		Combine output records=734359
		Reduce input groups=121039
		Reduce shuffle bytes=15327407
		Reduce input records=734359
		Reduce output records=121039
		Spilled Records=1468718
		Shuffled Maps =598
		Failed Shuffles=0
		Merged Map outputs=598
		GC time elapsed (ms)=271275
		CPU time spent (ms)=5778640
		Physical memory (bytes) snapshot=741072228352
		Virtual memory (bytes) snapshot=3113864556544
		Total committed heap usage (bytes)=1062900596736
		Peak Map Physical memory (bytes)=1277313024
		Peak Map Virtual memory (bytes)=5201346560
		Peak Reduce Physical memory (bytes)=753344512
		Peak Reduce Virtual memory (bytes)=8548917248
	Shuffle Errors
		BAD_ID=0
		CONNECTION=0
		IO_ERROR=0
		WRONG_LENGTH=0
		WRONG_MAP=0
		WRONG_REDUCE=0
	File Input Format Counters 
		Bytes Read=78131200182
	File Output Format Counters 
		Bytes Written=2382236
2022-07-26 21:54:52,647 WARN util.NativeCodeLoader: Unable to load native-hadoop library for your platform... using builtin-java classes where applicable
2022-07-26 21:54:54,901 WARN util.NativeCodeLoader: Unable to load native-hadoop library for your platform... using builtin-java classes where applicable
2022-07-26 21:54:55,566 INFO client.DefaultNoHARMFailoverProxyProvider: Connecting to ResourceManager at /0.0.0.0:8032
2022-07-26 21:54:55,956 INFO mapreduce.JobResourceUploader: Disabling Erasure Coding for path: /tmp/hadoop-yarn/staging/andres.collares/.staging/job_1658881124879_0004
2022-07-26 21:54:56,248 INFO input.FileInputFormat: Total input files to process : 33
2022-07-26 21:54:56,302 INFO mapreduce.JobSubmitter: number of splits:598
2022-07-26 21:54:56,390 INFO mapreduce.JobSubmitter: Submitting tokens for job: job_1658881124879_0004
2022-07-26 21:54:56,390 INFO mapreduce.JobSubmitter: Executing with tokens: []
2022-07-26 21:54:56,533 INFO conf.Configuration: resource-types.xml not found
2022-07-26 21:54:56,533 INFO resource.ResourceUtils: Unable to find 'resource-types.xml'.
2022-07-26 21:54:56,590 INFO impl.YarnClientImpl: Submitted application application_1658881124879_0004
2022-07-26 21:54:56,617 INFO mapreduce.Job: The url to track the job: http://node11.datos.cluster.uy:8088/proxy/application_1658881124879_0004/
2022-07-26 21:54:56,618 INFO mapreduce.Job: Running job: job_1658881124879_0004
2022-07-26 21:55:05,759 INFO mapreduce.Job: Job job_1658881124879_0004 running in uber mode : false
2022-07-26 21:55:05,775 INFO mapreduce.Job:  map 0% reduce 0%
2022-07-26 21:55:21,986 INFO mapreduce.Job:  map 1% reduce 0%
2022-07-26 21:55:27,018 INFO mapreduce.Job:  map 2% reduce 0%
2022-07-26 21:55:30,034 INFO mapreduce.Job:  map 4% reduce 0%
2022-07-26 21:55:33,050 INFO mapreduce.Job:  map 5% reduce 0%
2022-07-26 21:55:38,080 INFO mapreduce.Job:  map 6% reduce 0%
2022-07-26 21:55:44,128 INFO mapreduce.Job:  map 7% reduce 0%
2022-07-26 21:55:45,137 INFO mapreduce.Job:  map 8% reduce 0%
2022-07-26 21:55:48,153 INFO mapreduce.Job:  map 9% reduce 0%
2022-07-26 21:55:49,158 INFO mapreduce.Job:  map 10% reduce 0%
2022-07-26 21:55:56,209 INFO mapreduce.Job:  map 11% reduce 0%
2022-07-26 21:55:57,214 INFO mapreduce.Job:  map 12% reduce 0%
2022-07-26 21:56:02,255 INFO mapreduce.Job:  map 13% reduce 0%
2022-07-26 21:56:05,271 INFO mapreduce.Job:  map 14% reduce 0%
2022-07-26 21:56:09,294 INFO mapreduce.Job:  map 15% reduce 5%
2022-07-26 21:56:11,304 INFO mapreduce.Job:  map 16% reduce 5%
2022-07-26 21:56:16,333 INFO mapreduce.Job:  map 17% reduce 5%
2022-07-26 21:56:18,406 INFO mapreduce.Job:  map 18% reduce 5%
2022-07-26 21:56:21,423 INFO mapreduce.Job:  map 19% reduce 6%
2022-07-26 21:56:26,448 INFO mapreduce.Job:  map 20% reduce 6%
2022-07-26 21:56:33,494 INFO mapreduce.Job:  map 20% reduce 7%
2022-07-26 21:56:38,541 INFO mapreduce.Job:  map 21% reduce 7%
2022-07-26 21:56:39,547 INFO mapreduce.Job:  map 23% reduce 7%
2022-07-26 21:56:41,568 INFO mapreduce.Job:  map 24% reduce 7%
2022-07-26 21:56:45,593 INFO mapreduce.Job:  map 24% reduce 8%
2022-07-26 21:56:56,663 INFO mapreduce.Job:  map 26% reduce 8%
2022-07-26 21:56:57,668 INFO mapreduce.Job:  map 27% reduce 8%
2022-07-26 21:57:03,707 INFO mapreduce.Job:  map 27% reduce 9%
2022-07-26 21:57:12,755 INFO mapreduce.Job:  map 29% reduce 9%
2022-07-26 21:57:13,761 INFO mapreduce.Job:  map 31% reduce 9%
2022-07-26 21:57:15,775 INFO mapreduce.Job:  map 31% reduce 10%
2022-07-26 21:57:28,835 INFO mapreduce.Job:  map 32% reduce 10%
2022-07-26 21:57:29,882 INFO mapreduce.Job:  map 33% reduce 10%
2022-07-26 21:57:30,888 INFO mapreduce.Job:  map 35% reduce 10%
2022-07-26 21:57:33,899 INFO mapreduce.Job:  map 35% reduce 12%
2022-07-26 21:57:38,919 INFO mapreduce.Job:  map 36% reduce 12%
2022-07-26 21:57:46,953 INFO mapreduce.Job:  map 37% reduce 12%
2022-07-26 21:57:48,960 INFO mapreduce.Job:  map 39% reduce 12%
2022-07-26 21:57:51,971 INFO mapreduce.Job:  map 39% reduce 13%
2022-07-26 21:57:58,995 INFO mapreduce.Job:  map 40% reduce 13%
2022-07-26 21:58:03,016 INFO mapreduce.Job:  map 41% reduce 13%
2022-07-26 21:58:04,019 INFO mapreduce.Job:  map 41% reduce 14%
2022-07-26 21:58:09,040 INFO mapreduce.Job:  map 42% reduce 14%
2022-07-26 21:58:10,043 INFO mapreduce.Job:  map 43% reduce 14%
2022-07-26 21:58:17,070 INFO mapreduce.Job:  map 44% reduce 14%
2022-07-26 21:58:20,082 INFO mapreduce.Job:  map 45% reduce 14%
2022-07-26 21:58:22,092 INFO mapreduce.Job:  map 45% reduce 15%
2022-07-26 21:58:24,105 INFO mapreduce.Job:  map 46% reduce 15%
2022-07-26 21:58:25,109 INFO mapreduce.Job:  map 47% reduce 15%
2022-07-26 21:58:28,117 INFO mapreduce.Job:  map 47% reduce 16%
2022-07-26 21:58:29,121 INFO mapreduce.Job:  map 48% reduce 16%
2022-07-26 21:58:34,394 INFO mapreduce.Job:  map 49% reduce 16%
2022-07-26 21:58:40,411 INFO mapreduce.Job:  map 51% reduce 16%
2022-07-26 21:58:44,463 INFO mapreduce.Job:  map 52% reduce 16%
2022-07-26 21:58:46,471 INFO mapreduce.Job:  map 52% reduce 17%
2022-07-26 21:58:48,479 INFO mapreduce.Job:  map 53% reduce 17%
2022-07-26 21:58:52,490 INFO mapreduce.Job:  map 53% reduce 18%
2022-07-26 21:58:57,505 INFO mapreduce.Job:  map 54% reduce 18%
2022-07-26 21:59:00,515 INFO mapreduce.Job:  map 55% reduce 18%
2022-07-26 21:59:02,579 INFO mapreduce.Job:  map 56% reduce 18%
2022-07-26 21:59:04,586 INFO mapreduce.Job:  map 56% reduce 19%
2022-07-26 21:59:07,594 INFO mapreduce.Job:  map 57% reduce 19%
2022-07-26 21:59:14,618 INFO mapreduce.Job:  map 58% reduce 19%
2022-07-26 21:59:20,737 INFO mapreduce.Job:  map 59% reduce 19%
2022-07-26 21:59:22,033 INFO mapreduce.Job:  map 59% reduce 20%
2022-07-26 21:59:24,043 INFO mapreduce.Job:  map 60% reduce 20%
2022-07-26 21:59:28,059 INFO mapreduce.Job:  map 61% reduce 20%
2022-07-26 21:59:30,066 INFO mapreduce.Job:  map 62% reduce 20%
2022-07-26 21:59:34,077 INFO mapreduce.Job:  map 62% reduce 21%
2022-07-26 21:59:39,117 INFO mapreduce.Job:  map 63% reduce 21%
2022-07-26 21:59:42,126 INFO mapreduce.Job:  map 64% reduce 21%
2022-07-26 21:59:47,545 INFO mapreduce.Job:  map 65% reduce 21%
2022-07-26 21:59:48,548 INFO mapreduce.Job:  map 66% reduce 21%
2022-07-26 21:59:52,618 INFO mapreduce.Job:  map 66% reduce 22%
2022-07-26 21:59:53,623 INFO mapreduce.Job:  map 67% reduce 22%
2022-07-26 21:59:56,630 INFO mapreduce.Job:  map 68% reduce 22%
2022-07-26 21:59:58,635 INFO mapreduce.Job:  map 68% reduce 23%
2022-07-26 22:00:01,643 INFO mapreduce.Job:  map 69% reduce 23%
2022-07-26 22:00:02,649 INFO mapreduce.Job:  map 70% reduce 23%
2022-07-26 22:00:06,662 INFO mapreduce.Job:  map 71% reduce 23%
2022-07-26 22:00:10,672 INFO mapreduce.Job:  map 72% reduce 24%
2022-07-26 22:00:17,695 INFO mapreduce.Job:  map 73% reduce 24%
2022-07-26 22:00:19,813 INFO mapreduce.Job:  map 74% reduce 24%
2022-07-26 22:00:20,816 INFO mapreduce.Job:  map 75% reduce 24%
2022-07-26 22:00:22,822 INFO mapreduce.Job:  map 75% reduce 25%
2022-07-26 22:00:28,839 INFO mapreduce.Job:  map 76% reduce 25%
2022-07-26 22:00:40,876 INFO mapreduce.Job:  map 77% reduce 25%
2022-07-26 22:00:42,906 INFO mapreduce.Job:  map 78% reduce 25%
2022-07-26 22:00:46,919 INFO mapreduce.Job:  map 79% reduce 26%
2022-07-26 22:00:49,002 INFO mapreduce.Job:  map 80% reduce 26%
2022-07-26 22:00:53,013 INFO mapreduce.Job:  map 80% reduce 27%
2022-07-26 22:00:59,029 INFO mapreduce.Job:  map 82% reduce 27%
2022-07-26 22:01:08,136 INFO mapreduce.Job:  map 83% reduce 27%
2022-07-26 22:01:09,139 INFO mapreduce.Job:  map 84% reduce 27%
2022-07-26 22:01:11,145 INFO mapreduce.Job:  map 84% reduce 28%
2022-07-26 22:01:22,174 INFO mapreduce.Job:  map 86% reduce 28%
2022-07-26 22:01:27,256 INFO mapreduce.Job:  map 87% reduce 28%
2022-07-26 22:01:29,263 INFO mapreduce.Job:  map 88% reduce 29%
2022-07-26 22:01:42,336 INFO mapreduce.Job:  map 89% reduce 29%
2022-07-26 22:01:47,606 INFO mapreduce.Job:  map 89% reduce 30%
2022-07-26 22:01:52,617 INFO mapreduce.Job:  map 90% reduce 30%
2022-07-26 22:01:53,620 INFO mapreduce.Job:  map 91% reduce 30%
2022-07-26 22:01:54,622 INFO mapreduce.Job:  map 92% reduce 30%
2022-07-26 22:01:59,637 INFO mapreduce.Job:  map 93% reduce 31%
2022-07-26 22:02:02,658 INFO mapreduce.Job:  map 94% reduce 31%
2022-07-26 22:02:08,672 INFO mapreduce.Job:  map 95% reduce 31%
2022-07-26 22:02:11,681 INFO mapreduce.Job:  map 95% reduce 32%
2022-07-26 22:02:12,997 INFO mapreduce.Job:  map 96% reduce 32%
2022-07-26 22:02:14,000 INFO mapreduce.Job:  map 97% reduce 32%
2022-07-26 22:02:21,018 INFO mapreduce.Job:  map 98% reduce 32%
2022-07-26 22:02:22,020 INFO mapreduce.Job:  map 99% reduce 32%
2022-07-26 22:02:23,022 INFO mapreduce.Job:  map 99% reduce 33%
2022-07-26 22:02:24,025 INFO mapreduce.Job:  map 100% reduce 33%
2022-07-26 22:02:25,028 INFO mapreduce.Job:  map 100% reduce 100%
2022-07-26 22:02:26,037 INFO mapreduce.Job: Job job_1658881124879_0004 completed successfully
2022-07-26 22:02:26,208 INFO mapreduce.Job: Counters: 55
	File System Counters
		FILE: Number of bytes read=4255637
		FILE: Number of bytes written=174631765
		FILE: Number of read operations=0
		FILE: Number of large read operations=0
		FILE: Number of write operations=0
		HDFS: Number of bytes read=78131265959
		HDFS: Number of bytes written=849956
		HDFS: Number of read operations=1799
		HDFS: Number of large read operations=0
		HDFS: Number of write operations=2
		HDFS: Number of bytes read erasure-coded=0
	Job Counters 
		Killed map tasks=1
		Launched map tasks=598
		Launched reduce tasks=1
		Data-local map tasks=598
		Total time spent by all maps in occupied slots (ms)=17552354
		Total time spent by all reduces in occupied slots (ms)=1582344
		Total time spent by all map tasks (ms)=8776177
		Total time spent by all reduce tasks (ms)=395586
		Total vcore-milliseconds taken by all map tasks=8776177
		Total vcore-milliseconds taken by all reduce tasks=395586
		Total megabyte-milliseconds taken by all map tasks=35947220992
		Total megabyte-milliseconds taken by all reduce tasks=3240640512
	Map-Reduce Framework
		Map input records=635280850
		Map output records=635280850
		Map output bytes=20444619077
		Map output materialized bytes=4259219
		Input split bytes=65777
		Combine input records=635280850
		Combine output records=112849
		Reduce input groups=22796
		Reduce shuffle bytes=4259219
		Reduce input records=112849
		Reduce output records=22796
		Spilled Records=225698
		Shuffled Maps =598
		Failed Shuffles=0
		Merged Map outputs=598
		GC time elapsed (ms)=252238
		CPU time spent (ms)=6275620
		Physical memory (bytes) snapshot=746966376448
		Virtual memory (bytes) snapshot=3113986117632
		Total committed heap usage (bytes)=1098398040064
		Peak Map Physical memory (bytes)=1293729792
		Peak Map Virtual memory (bytes)=5202075648
		Peak Reduce Physical memory (bytes)=838844416
		Peak Reduce Virtual memory (bytes)=8558391296
	Shuffle Errors
		BAD_ID=0
		CONNECTION=0
		IO_ERROR=0
		WRONG_LENGTH=0
		WRONG_MAP=0
		WRONG_REDUCE=0
	File Input Format Counters 
		Bytes Read=78131200182
	File Output Format Counters 
		Bytes Written=849956
2022-07-26 22:02:28,549 WARN util.NativeCodeLoader: Unable to load native-hadoop library for your platform... using builtin-java classes where applicable
WARNING: nodemanager did not stop gracefully after 5 seconds: Trying to kill with kill -9
